[3.282s] DEBUG:colcon:Command line arguments: ['/usr/bin/colcon', 'build', '--packages-select', 'px4_msgs']
[3.283s] DEBUG:colcon:Parsed command line arguments: Namespace(allow_overriding=[], ament_cmake_args=None, base_paths=['.'], build_base='build', catkin_cmake_args=None, catkin_skip_building_tests=False, cmake_args=None, cmake_clean_cache=False, cmake_clean_first=False, cmake_force_configure=False, cmake_target=None, cmake_target_skip_unavailable=False, continue_on_error=False, event_handlers=None, executor='parallel', ignore_user_meta=False, install_base='install', log_base=None, log_level=None, main=<bound method BuildVerb.main of <colcon_core.verb.build.BuildVerb object at 0x7ff1dab06b50>>, merge_install=False, metas=['./colcon.meta'], packages_above=None, packages_above_and_dependencies=None, packages_above_depth=None, packages_end=None, packages_ignore=None, packages_ignore_regex=None, packages_select=['px4_msgs'], packages_select_build_failed=False, packages_select_by_dep=None, packages_select_regex=None, packages_select_test_failures=False, packages_skip=None, packages_skip_build_finished=False, packages_skip_by_dep=None, packages_skip_regex=None, packages_skip_test_passed=False, packages_skip_up_to=None, packages_start=None, packages_up_to=None, packages_up_to_regex=None, parallel_workers=12, paths=None, symlink_install=False, test_result_base=None, verb_extension=<colcon_core.verb.build.BuildVerb object at 0x7ff1dab06b50>, verb_name='build', verb_parser=<colcon_defaults.argument_parser.defaults.DefaultArgumentsDecorator object at 0x7ff1da757520>)
[3.378s] Level 1:colcon.colcon_core.package_discovery:discover_packages(colcon_meta) check parameters
[3.379s] Level 1:colcon.colcon_core.package_discovery:discover_packages(recursive) check parameters
[3.379s] Level 1:colcon.colcon_core.package_discovery:discover_packages(ignore) check parameters
[3.379s] Level 1:colcon.colcon_core.package_discovery:discover_packages(path) check parameters
[3.379s] Level 1:colcon.colcon_core.package_discovery:discover_packages(colcon_meta) discover
[3.379s] Level 1:colcon.colcon_core.package_discovery:discover_packages(recursive) discover
[3.380s] INFO:colcon.colcon_core.package_discovery:Crawling recursively for packages in '/home/rakan/MagangBayu24-PX4Simulation/tugas_drone'
[3.380s] Level 1:colcon.colcon_core.package_identification:_identify(.) by extensions ['ignore', 'ignore_ament_install']
[3.380s] Level 1:colcon.colcon_core.package_identification:_identify(.) by extension 'ignore'
[3.380s] Level 1:colcon.colcon_core.package_identification:_identify(.) by extension 'ignore_ament_install'
[3.380s] Level 1:colcon.colcon_core.package_identification:_identify(.) by extensions ['colcon_pkg']
[3.380s] Level 1:colcon.colcon_core.package_identification:_identify(.) by extension 'colcon_pkg'
[3.380s] Level 1:colcon.colcon_core.package_identification:_identify(.) by extensions ['colcon_meta']
[3.381s] Level 1:colcon.colcon_core.package_identification:_identify(.) by extension 'colcon_meta'
[3.381s] Level 1:colcon.colcon_core.package_identification:_identify(.) by extensions ['ros']
[3.381s] Level 1:colcon.colcon_core.package_identification:_identify(.) by extension 'ros'
[3.406s] DEBUG:colcon.colcon_core.package_identification:Package '.' with type 'ros.ament_cmake' and name 'tugas_drone'
[3.407s] Level 1:colcon.colcon_core.package_discovery:discover_packages(recursive) using defaults
[3.407s] Level 1:colcon.colcon_core.package_discovery:discover_packages(ignore) discover
[3.407s] Level 1:colcon.colcon_core.package_discovery:discover_packages(ignore) using defaults
[3.407s] Level 1:colcon.colcon_core.package_discovery:discover_packages(path) discover
[3.407s] Level 1:colcon.colcon_core.package_discovery:discover_packages(path) using defaults
[3.459s] WARNING:colcon.colcon_core.package_selection:ignoring unknown package 'px4_msgs' in --packages-select
[3.626s] INFO:colcon.colcon_core.package_selection:Skipping not selected package 'tugas_drone' in '.'
[3.740s] Level 1:colcon.colcon_core.package_discovery:discover_packages(prefix_path) check parameters
[3.741s] Level 1:colcon.colcon_core.package_discovery:discover_packages(prefix_path) discover
[3.860s] DEBUG:colcon.colcon_installed_package_information.package_discovery:Found 256 installed packages in /opt/ros/foxy
[3.864s] Level 1:colcon.colcon_core.package_discovery:discover_packages(prefix_path) using defaults
[4.066s] INFO:colcon.colcon_core.executor:Executing jobs using 'parallel' executor
[4.123s] DEBUG:colcon.colcon_parallel_executor.executor.parallel:run_until_complete
[4.123s] DEBUG:colcon.colcon_parallel_executor.executor.parallel:closing loop
[4.124s] DEBUG:colcon.colcon_parallel_executor.executor.parallel:loop closed
[4.124s] DEBUG:colcon.colcon_parallel_executor.executor.parallel:run_until_complete finished with '0'
[4.124s] DEBUG:colcon.colcon_core.event_reactor:joining thread
[4.222s] INFO:colcon.colcon_core.plugin_system:Skipping extension 'colcon_notification.desktop_notification.terminal_notifier': Not used on non-Darwin systems
[4.223s] INFO:colcon.colcon_core.plugin_system:Skipping extension 'colcon_notification.desktop_notification.win32': Not used on non-Windows systems
[4.223s] INFO:colcon.colcon_notification.desktop_notification:Sending desktop notification using 'notify2'
[4.247s] DEBUG:colcon.colcon_core.event_reactor:joined thread
[4.300s] INFO:colcon.colcon_core.plugin_system:Skipping extension 'colcon_core.shell.bat': Not used on non-Windows systems
[4.301s] INFO:colcon.colcon_core.shell:Creating prefix script '/home/rakan/MagangBayu24-PX4Simulation/tugas_drone/install/local_setup.ps1'
[4.303s] INFO:colcon.colcon_core.shell:Creating prefix util module '/home/rakan/MagangBayu24-PX4Simulation/tugas_drone/install/_local_setup_util_ps1.py'
[4.305s] INFO:colcon.colcon_core.shell:Creating prefix chain script '/home/rakan/MagangBayu24-PX4Simulation/tugas_drone/install/setup.ps1'
[4.357s] INFO:colcon.colcon_core.shell:Creating prefix script '/home/rakan/MagangBayu24-PX4Simulation/tugas_drone/install/local_setup.sh'
[4.357s] INFO:colcon.colcon_core.shell:Creating prefix util module '/home/rakan/MagangBayu24-PX4Simulation/tugas_drone/install/_local_setup_util_sh.py'
[4.358s] INFO:colcon.colcon_core.shell:Creating prefix chain script '/home/rakan/MagangBayu24-PX4Simulation/tugas_drone/install/setup.sh'
[4.413s] INFO:colcon.colcon_core.shell:Creating prefix script '/home/rakan/MagangBayu24-PX4Simulation/tugas_drone/install/local_setup.bash'
[4.414s] INFO:colcon.colcon_core.shell:Creating prefix chain script '/home/rakan/MagangBayu24-PX4Simulation/tugas_drone/install/setup.bash'
[4.467s] INFO:colcon.colcon_core.shell:Creating prefix script '/home/rakan/MagangBayu24-PX4Simulation/tugas_drone/install/local_setup.zsh'
[4.468s] INFO:colcon.colcon_core.shell:Creating prefix chain script '/home/rakan/MagangBayu24-PX4Simulation/tugas_drone/install/setup.zsh'
