[0.523s] Invoking command in '/home/rakan/MagangBayu24-PX4Simulation/build/tugas_drone': CMAKE_PREFIX_PATH=/home/rakan/MagangBayu24-PX4Simulation/install/px4_msgs:/home/rakan/MagangBayu24-PX4Simulation/install/tugas_drone:/opt/ros/foxy /home/rakan/.local/bin/cmake --build /home/rakan/MagangBayu24-PX4Simulation/build/tugas_drone -- -j12 -l12
[0.696s] [ 50%] Built target jalan_lingkaran
[0.700s] [ 75%] [32mBuilding CXX object CMakeFiles/jalan_kotak.dir/src/kotak.cpp.o[0m
[15.414s] [100%] [32m[1mLinking CXX executable jalan_kotak[0m
[16.513s] [100%] Built target jalan_kotak
[16.560s] Invoked command in '/home/rakan/MagangBayu24-PX4Simulation/build/tugas_drone' returned '0': CMAKE_PREFIX_PATH=/home/rakan/MagangBayu24-PX4Simulation/install/px4_msgs:/home/rakan/MagangBayu24-PX4Simulation/install/tugas_drone:/opt/ros/foxy /home/rakan/.local/bin/cmake --build /home/rakan/MagangBayu24-PX4Simulation/build/tugas_drone -- -j12 -l12
[16.874s] Invoking command in '/home/rakan/MagangBayu24-PX4Simulation/build/tugas_drone': CMAKE_PREFIX_PATH=/home/rakan/MagangBayu24-PX4Simulation/install/px4_msgs:/home/rakan/MagangBayu24-PX4Simulation/install/tugas_drone:/opt/ros/foxy /home/rakan/.local/bin/cmake --install /home/rakan/MagangBayu24-PX4Simulation/build/tugas_drone
[16.972s] -- Install configuration: ""
[16.973s] -- Up-to-date: /home/rakan/MagangBayu24-PX4Simulation/install/tugas_drone/lib/tugas_drone/jalan_lingkaran
[16.973s] -- Installing: /home/rakan/MagangBayu24-PX4Simulation/install/tugas_drone/lib/tugas_drone/jalan_kotak
[16.974s] -- Set non-toolchain portion of runtime path of "/home/rakan/MagangBayu24-PX4Simulation/install/tugas_drone/lib/tugas_drone/jalan_kotak" to ""
[16.974s] -- Up-to-date: /home/rakan/MagangBayu24-PX4Simulation/install/tugas_drone/share/ament_index/resource_index/package_run_dependencies/tugas_drone
[16.974s] -- Up-to-date: /home/rakan/MagangBayu24-PX4Simulation/install/tugas_drone/share/ament_index/resource_index/parent_prefix_path/tugas_drone
[16.975s] -- Up-to-date: /home/rakan/MagangBayu24-PX4Simulation/install/tugas_drone/share/tugas_drone/environment/ament_prefix_path.sh
[16.975s] -- Up-to-date: /home/rakan/MagangBayu24-PX4Simulation/install/tugas_drone/share/tugas_drone/environment/ament_prefix_path.dsv
[16.975s] -- Up-to-date: /home/rakan/MagangBayu24-PX4Simulation/install/tugas_drone/share/tugas_drone/environment/path.sh
[16.975s] -- Up-to-date: /home/rakan/MagangBayu24-PX4Simulation/install/tugas_drone/share/tugas_drone/environment/path.dsv
[16.975s] -- Up-to-date: /home/rakan/MagangBayu24-PX4Simulation/install/tugas_drone/share/tugas_drone/local_setup.bash
[16.977s] -- Up-to-date: /home/rakan/MagangBayu24-PX4Simulation/install/tugas_drone/share/tugas_drone/local_setup.sh
[16.978s] -- Up-to-date: /home/rakan/MagangBayu24-PX4Simulation/install/tugas_drone/share/tugas_drone/local_setup.zsh
[16.980s] -- Up-to-date: /home/rakan/MagangBayu24-PX4Simulation/install/tugas_drone/share/tugas_drone/local_setup.dsv
[16.981s] -- Installing: /home/rakan/MagangBayu24-PX4Simulation/install/tugas_drone/share/tugas_drone/package.dsv
[16.982s] -- Up-to-date: /home/rakan/MagangBayu24-PX4Simulation/install/tugas_drone/share/ament_index/resource_index/packages/tugas_drone
[16.982s] -- Up-to-date: /home/rakan/MagangBayu24-PX4Simulation/install/tugas_drone/share/tugas_drone/cmake/tugas_droneConfig.cmake
[16.982s] -- Up-to-date: /home/rakan/MagangBayu24-PX4Simulation/install/tugas_drone/share/tugas_drone/cmake/tugas_droneConfig-version.cmake
[16.982s] -- Up-to-date: /home/rakan/MagangBayu24-PX4Simulation/install/tugas_drone/share/tugas_drone/package.xml
[17.018s] Invoked command in '/home/rakan/MagangBayu24-PX4Simulation/build/tugas_drone' returned '0': CMAKE_PREFIX_PATH=/home/rakan/MagangBayu24-PX4Simulation/install/px4_msgs:/home/rakan/MagangBayu24-PX4Simulation/install/tugas_drone:/opt/ros/foxy /home/rakan/.local/bin/cmake --install /home/rakan/MagangBayu24-PX4Simulation/build/tugas_drone
