[0.141s] Invoking command in '/home/rakan/MagangBayu24-PX4Simulation/build/tugas_drone': CMAKE_PREFIX_PATH=${CMAKE_PREFIX_PATH}:/opt/ros/foxy /home/rakan/.local/bin/cmake /home/rakan/MagangBayu24-PX4Simulation/tugas_drone -DCMAKE_INSTALL_PREFIX=/home/rakan/MagangBayu24-PX4Simulation/install/tugas_drone
[0.190s] -- The C compiler identification is GNU 9.4.0
[0.235s] -- The CXX compiler identification is GNU 9.4.0
[0.247s] -- Detecting C compiler ABI info
[0.293s] -- Detecting C compiler ABI info - done
[0.305s] -- Check for working C compiler: /usr/bin/cc - skipped
[0.305s] -- Detecting C compile features
[0.305s] -- Detecting C compile features - done
[0.314s] -- Detecting CXX compiler ABI info
[0.379s] -- Detecting CXX compiler ABI info - done
[0.391s] -- Check for working CXX compiler: /usr/bin/c++ - skipped
[0.391s] -- Detecting CXX compile features
[0.392s] -- Detecting CXX compile features - done
[0.394s] -- Found ament_cmake: 0.9.12 (/opt/ros/foxy/share/ament_cmake/cmake)
[0.398s] [33mCMake Warning (dev) at /opt/ros/foxy/share/ament_cmake_core/cmake/core/python.cmake:22 (find_package):
[0.398s]   Policy CMP0148 is not set: The FindPythonInterp and FindPythonLibs modules
[0.398s]   are removed.  Run "cmake --help-policy CMP0148" for policy details.  Use
[0.398s]   the cmake_policy command to set the policy and suppress this warning.
[0.398s] 
[0.398s] Call Stack (most recent call first):
[0.398s]   /opt/ros/foxy/share/ament_cmake_core/cmake/core/all.cmake:53 (include)
[0.398s]   /opt/ros/foxy/share/ament_cmake_core/cmake/ament_cmake_core-extras.cmake:17 (include)
[0.398s]   /opt/ros/foxy/share/ament_cmake_core/cmake/ament_cmake_coreConfig.cmake:41 (include)
[0.398s]   /opt/ros/foxy/share/ament_cmake/cmake/ament_cmake_export_dependencies-extras.cmake:15 (find_package)
[0.398s]   /opt/ros/foxy/share/ament_cmake/cmake/ament_cmakeConfig.cmake:41 (include)
[0.398s]   CMakeLists.txt:19 (find_package)
[0.399s] This warning is for project developers.  Use -Wno-dev to suppress it.
[0.399s] [0m
[0.418s] -- Found PythonInterp: /usr/bin/python3 (found suitable version "3.8.10", minimum required is "3") 
[0.418s] -- Using PYTHON_EXECUTABLE: /usr/bin/python3
[0.569s] -- Found builtin_interfaces: 1.0.0 (/opt/ros/foxy/share/builtin_interfaces/cmake)
[0.589s] -- Using all available rosidl_typesupport_c: rosidl_typesupport_fastrtps_c;rosidl_typesupport_introspection_c
[0.594s] -- Found rosidl_adapter: 1.3.1 (/opt/ros/foxy/share/rosidl_adapter/cmake)
[0.641s] -- Found OpenSSL: /usr/lib/x86_64-linux-gnu/libcrypto.so (found version "1.1.1f")  
[0.664s] -- Found FastRTPS: /opt/ros/foxy/include  
[0.723s] -- Using all available rosidl_typesupport_cpp: rosidl_typesupport_fastrtps_cpp;rosidl_typesupport_introspection_cpp
[0.756s] -- Found eigen3_cmake_module: 0.1.1 (/opt/ros/foxy/share/eigen3_cmake_module/cmake)
[0.759s] -- Found Eigen3: TRUE (found version "3.3.7") 
[0.760s] -- Found geometry_msgs: 2.0.5 (/opt/ros/foxy/share/geometry_msgs/cmake)
[0.816s] -- Found px4_msgs: 2.0.1 (/home/rakan/MagangBayu24-PX4Simulation/install/px4_msgs/share/px4_msgs/cmake)
[0.830s] -- Found rclcpp: 2.4.3 (/opt/ros/foxy/share/rclcpp/cmake)
[0.881s] -- Found rmw_implementation_cmake: 1.0.4 (/opt/ros/foxy/share/rmw_implementation_cmake/cmake)
[0.883s] -- Using RMW implementation 'rmw_fastrtps_cpp' as default
[0.884s] -- Performing Test CMAKE_HAVE_LIBC_PTHREAD
[0.925s] -- Performing Test CMAKE_HAVE_LIBC_PTHREAD - Failed
[0.925s] -- Looking for pthread_create in pthreads
[0.957s] -- Looking for pthread_create in pthreads - not found
[0.957s] -- Looking for pthread_create in pthread
[0.996s] -- Looking for pthread_create in pthread - found
[0.997s] -- Found Threads: TRUE  
[1.119s] -- Found sensor_msgs: 2.0.5 (/opt/ros/foxy/share/sensor_msgs/cmake)
[1.184s] -- Found ament_lint_auto: 0.9.8 (/opt/ros/foxy/share/ament_lint_auto/cmake)
[1.241s] -- Added test 'copyright' to check source files copyright and LICENSE
[1.243s] -- Added test 'cppcheck' to perform static code analysis on C / C++ code
[1.243s] -- Configured cppcheck include dirs: 
[1.243s] -- Configured cppcheck exclude dirs and/or files: 
[1.244s] -- Added test 'cpplint' to check C / C++ code against the Google style
[1.244s] -- Configured cpplint exclude dirs and/or files: 
[1.245s] -- Added test 'flake8' to check Python code syntax and style conventions
[1.245s] -- Added test 'lint_cmake' to check CMake code style
[1.246s] -- Added test 'pep257' to check Python code against some of the style conventions in PEP 257
[1.247s] -- Added test 'uncrustify' to check C / C++ code style
[1.248s] -- Configured uncrustify additional arguments: 
[1.248s] -- Added test 'xmllint' to check XML markup files
[1.249s] -- Configuring done (1.1s)
[1.251s] [31mCMake Error at CMakeLists.txt:33 (add_executable):
[1.251s]   Cannot find source file:
[1.251s] 
[1.251s]     src/kotak.cpp
[1.251s] 
[1.251s]   Tried extensions .c .C .c++ .cc .cpp .cxx .cu .mpp .m .M .mm .ixx .cppm
[1.251s]   .ccm .cxxm .c++m .h .hh .h++ .hm .hpp .hxx .in .txx .f .F .for .f77 .f90
[1.251s]   .f95 .f03 .hip .ispc
[1.251s] 
[1.251s] [0m
[1.252s] [31mCMake Error at CMakeLists.txt:41 (add_executable):
[1.252s]   Cannot find source file:
[1.252s] 
[1.252s]     src/pentagram.cpp
[1.252s] 
[1.252s]   Tried extensions .c .C .c++ .cc .cpp .cxx .cu .mpp .m .M .mm .ixx .cppm
[1.252s]   .ccm .cxxm .c++m .h .hh .h++ .hm .hpp .hxx .in .txx .f .F .for .f77 .f90
[1.252s]   .f95 .f03 .hip .ispc
[1.252s] 
[1.252s] [0m
[1.252s] [31mCMake Error at CMakeLists.txt:33 (add_executable):
[1.253s]   No SOURCES given to target: jalan_kotak
[1.253s] 
[1.253s] [0m
[1.253s] [31mCMake Error at CMakeLists.txt:41 (add_executable):
[1.253s]   No SOURCES given to target: jalan_pentagram
[1.253s] 
[1.253s] [0m
[1.253s] [0mCMake Generate step failed.  Build files cannot be regenerated correctly.[0m
[1.260s] Invoked command in '/home/rakan/MagangBayu24-PX4Simulation/build/tugas_drone' returned '1': CMAKE_PREFIX_PATH=${CMAKE_PREFIX_PATH}:/opt/ros/foxy /home/rakan/.local/bin/cmake /home/rakan/MagangBayu24-PX4Simulation/tugas_drone -DCMAKE_INSTALL_PREFIX=/home/rakan/MagangBayu24-PX4Simulation/install/tugas_drone
