[1.909s] DEBUG:colcon:Command line arguments: ['/usr/bin/colcon', 'build', '--packages-select', 'px4_msgs']
[1.909s] DEBUG:colcon:Parsed command line arguments: Namespace(allow_overriding=[], ament_cmake_args=None, base_paths=['.'], build_base='build', catkin_cmake_args=None, catkin_skip_building_tests=False, cmake_args=None, cmake_clean_cache=False, cmake_clean_first=False, cmake_force_configure=False, cmake_target=None, cmake_target_skip_unavailable=False, continue_on_error=False, event_handlers=None, executor='parallel', ignore_user_meta=False, install_base='install', log_base=None, log_level=None, main=<bound method BuildVerb.main of <colcon_core.verb.build.BuildVerb object at 0x7fb14cab3b20>>, merge_install=False, metas=['./colcon.meta'], packages_above=None, packages_above_and_dependencies=None, packages_above_depth=None, packages_end=None, packages_ignore=None, packages_ignore_regex=None, packages_select=['px4_msgs'], packages_select_build_failed=False, packages_select_by_dep=None, packages_select_regex=None, packages_select_test_failures=False, packages_skip=None, packages_skip_build_finished=False, packages_skip_by_dep=None, packages_skip_regex=None, packages_skip_test_passed=False, packages_skip_up_to=None, packages_start=None, packages_up_to=None, packages_up_to_regex=None, parallel_workers=12, paths=None, symlink_install=False, test_result_base=None, verb_extension=<colcon_core.verb.build.BuildVerb object at 0x7fb14cab3b20>, verb_name='build', verb_parser=<colcon_defaults.argument_parser.defaults.DefaultArgumentsDecorator object at 0x7fb14c6b1910>)
[1.990s] Level 1:colcon.colcon_core.package_discovery:discover_packages(colcon_meta) check parameters
[1.990s] Level 1:colcon.colcon_core.package_discovery:discover_packages(recursive) check parameters
[1.990s] Level 1:colcon.colcon_core.package_discovery:discover_packages(ignore) check parameters
[1.990s] Level 1:colcon.colcon_core.package_discovery:discover_packages(path) check parameters
[1.990s] Level 1:colcon.colcon_core.package_discovery:discover_packages(colcon_meta) discover
[1.990s] Level 1:colcon.colcon_core.package_discovery:discover_packages(recursive) discover
[1.990s] INFO:colcon.colcon_core.package_discovery:Crawling recursively for packages in '/home/rakan/MagangBayu24-PX4Simulation'
[1.990s] Level 1:colcon.colcon_core.package_identification:_identify(.) by extensions ['ignore', 'ignore_ament_install']
[1.990s] Level 1:colcon.colcon_core.package_identification:_identify(.) by extension 'ignore'
[1.990s] Level 1:colcon.colcon_core.package_identification:_identify(.) by extension 'ignore_ament_install'
[1.990s] Level 1:colcon.colcon_core.package_identification:_identify(.) by extensions ['colcon_pkg']
[1.990s] Level 1:colcon.colcon_core.package_identification:_identify(.) by extension 'colcon_pkg'
[1.990s] Level 1:colcon.colcon_core.package_identification:_identify(.) by extensions ['colcon_meta']
[1.990s] Level 1:colcon.colcon_core.package_identification:_identify(.) by extension 'colcon_meta'
[1.991s] Level 1:colcon.colcon_core.package_identification:_identify(.) by extensions ['ros']
[1.991s] Level 1:colcon.colcon_core.package_identification:_identify(.) by extension 'ros'
[1.999s] Level 1:colcon.colcon_core.package_identification:_identify(.) by extensions ['cmake', 'python']
[1.999s] Level 1:colcon.colcon_core.package_identification:_identify(.) by extension 'cmake'
[1.999s] Level 1:colcon.colcon_core.package_identification:_identify(.) by extension 'python'
[1.999s] Level 1:colcon.colcon_core.package_identification:_identify(.) by extensions ['python_setup_py']
[1.999s] Level 1:colcon.colcon_core.package_identification:_identify(.) by extension 'python_setup_py'
[1.999s] Level 1:colcon.colcon_core.package_identification:_identify(build) by extensions ['ignore', 'ignore_ament_install']
[1.999s] Level 1:colcon.colcon_core.package_identification:_identify(build) by extension 'ignore'
[1.999s] Level 1:colcon.colcon_core.package_identification:_identify(build) ignored
[1.999s] Level 1:colcon.colcon_core.package_identification:_identify(install) by extensions ['ignore', 'ignore_ament_install']
[1.999s] Level 1:colcon.colcon_core.package_identification:_identify(install) by extension 'ignore'
[1.999s] Level 1:colcon.colcon_core.package_identification:_identify(install) ignored
[1.999s] Level 1:colcon.colcon_core.package_identification:_identify(log) by extensions ['ignore', 'ignore_ament_install']
[1.999s] Level 1:colcon.colcon_core.package_identification:_identify(log) by extension 'ignore'
[1.999s] Level 1:colcon.colcon_core.package_identification:_identify(log) ignored
[1.999s] Level 1:colcon.colcon_core.package_identification:_identify(px4_msgs) by extensions ['ignore', 'ignore_ament_install']
[2.000s] Level 1:colcon.colcon_core.package_identification:_identify(px4_msgs) by extension 'ignore'
[2.000s] Level 1:colcon.colcon_core.package_identification:_identify(px4_msgs) by extension 'ignore_ament_install'
[2.000s] Level 1:colcon.colcon_core.package_identification:_identify(px4_msgs) by extensions ['colcon_pkg']
[2.000s] Level 1:colcon.colcon_core.package_identification:_identify(px4_msgs) by extension 'colcon_pkg'
[2.000s] Level 1:colcon.colcon_core.package_identification:_identify(px4_msgs) by extensions ['colcon_meta']
[2.000s] Level 1:colcon.colcon_core.package_identification:_identify(px4_msgs) by extension 'colcon_meta'
[2.000s] Level 1:colcon.colcon_core.package_identification:_identify(px4_msgs) by extensions ['ros']
[2.000s] Level 1:colcon.colcon_core.package_identification:_identify(px4_msgs) by extension 'ros'
[2.002s] DEBUG:colcon.colcon_core.package_identification:Package 'px4_msgs' with type 'ros.ament_cmake' and name 'px4_msgs'
[2.002s] Level 1:colcon.colcon_core.package_identification:_identify(px4_ros_com) by extensions ['ignore', 'ignore_ament_install']
[2.002s] Level 1:colcon.colcon_core.package_identification:_identify(px4_ros_com) by extension 'ignore'
[2.002s] Level 1:colcon.colcon_core.package_identification:_identify(px4_ros_com) by extension 'ignore_ament_install'
[2.002s] Level 1:colcon.colcon_core.package_identification:_identify(px4_ros_com) by extensions ['colcon_pkg']
[2.002s] Level 1:colcon.colcon_core.package_identification:_identify(px4_ros_com) by extension 'colcon_pkg'
[2.002s] Level 1:colcon.colcon_core.package_identification:_identify(px4_ros_com) by extensions ['colcon_meta']
[2.002s] Level 1:colcon.colcon_core.package_identification:_identify(px4_ros_com) by extension 'colcon_meta'
[2.002s] Level 1:colcon.colcon_core.package_identification:_identify(px4_ros_com) by extensions ['ros']
[2.002s] Level 1:colcon.colcon_core.package_identification:_identify(px4_ros_com) by extension 'ros'
[2.003s] DEBUG:colcon.colcon_core.package_identification:Package 'px4_ros_com' with type 'ros.ament_cmake' and name 'px4_ros_com'
[2.003s] Level 1:colcon.colcon_core.package_identification:_identify(tugas_drone) by extensions ['ignore', 'ignore_ament_install']
[2.003s] Level 1:colcon.colcon_core.package_identification:_identify(tugas_drone) by extension 'ignore'
[2.003s] Level 1:colcon.colcon_core.package_identification:_identify(tugas_drone) by extension 'ignore_ament_install'
[2.003s] Level 1:colcon.colcon_core.package_identification:_identify(tugas_drone) by extensions ['colcon_pkg']
[2.003s] Level 1:colcon.colcon_core.package_identification:_identify(tugas_drone) by extension 'colcon_pkg'
[2.003s] Level 1:colcon.colcon_core.package_identification:_identify(tugas_drone) by extensions ['colcon_meta']
[2.003s] Level 1:colcon.colcon_core.package_identification:_identify(tugas_drone) by extension 'colcon_meta'
[2.003s] Level 1:colcon.colcon_core.package_identification:_identify(tugas_drone) by extensions ['ros']
[2.003s] Level 1:colcon.colcon_core.package_identification:_identify(tugas_drone) by extension 'ros'
[2.004s] DEBUG:colcon.colcon_core.package_identification:Package 'tugas_drone' with type 'ros.ament_cmake' and name 'tugas_drone'
[2.004s] Level 1:colcon.colcon_core.package_discovery:discover_packages(recursive) using defaults
[2.004s] Level 1:colcon.colcon_core.package_discovery:discover_packages(ignore) discover
[2.004s] Level 1:colcon.colcon_core.package_discovery:discover_packages(ignore) using defaults
[2.004s] Level 1:colcon.colcon_core.package_discovery:discover_packages(path) discover
[2.005s] Level 1:colcon.colcon_core.package_discovery:discover_packages(path) using defaults
[2.122s] INFO:colcon.colcon_core.package_selection:Skipping not selected package 'px4_ros_com' in 'px4_ros_com'
[2.122s] INFO:colcon.colcon_core.package_selection:Skipping not selected package 'tugas_drone' in 'tugas_drone'
[2.186s] Level 1:colcon.colcon_core.package_discovery:discover_packages(prefix_path) check parameters
[2.186s] Level 1:colcon.colcon_core.package_discovery:discover_packages(prefix_path) discover
[2.252s] DEBUG:colcon.colcon_installed_package_information.package_discovery:Found 256 installed packages in /opt/ros/foxy
[2.253s] Level 1:colcon.colcon_core.package_discovery:discover_packages(prefix_path) using defaults
[2.374s] Level 5:colcon.colcon_core.verb:set package 'px4_msgs' build argument 'cmake_args' from command line to 'None'
[2.374s] Level 5:colcon.colcon_core.verb:set package 'px4_msgs' build argument 'cmake_target' from command line to 'None'
[2.374s] Level 5:colcon.colcon_core.verb:set package 'px4_msgs' build argument 'cmake_target_skip_unavailable' from command line to 'False'
[2.374s] Level 5:colcon.colcon_core.verb:set package 'px4_msgs' build argument 'cmake_clean_cache' from command line to 'False'
[2.374s] Level 5:colcon.colcon_core.verb:set package 'px4_msgs' build argument 'cmake_clean_first' from command line to 'False'
[2.374s] Level 5:colcon.colcon_core.verb:set package 'px4_msgs' build argument 'cmake_force_configure' from command line to 'False'
[2.374s] Level 5:colcon.colcon_core.verb:set package 'px4_msgs' build argument 'ament_cmake_args' from command line to 'None'
[2.374s] Level 5:colcon.colcon_core.verb:set package 'px4_msgs' build argument 'catkin_cmake_args' from command line to 'None'
[2.374s] Level 5:colcon.colcon_core.verb:set package 'px4_msgs' build argument 'catkin_skip_building_tests' from command line to 'False'
[2.374s] DEBUG:colcon.colcon_core.verb:Building package 'px4_msgs' with the following arguments: {'ament_cmake_args': None, 'build_base': '/home/rakan/MagangBayu24-PX4Simulation/build/px4_msgs', 'catkin_cmake_args': None, 'catkin_skip_building_tests': False, 'cmake_args': None, 'cmake_clean_cache': False, 'cmake_clean_first': False, 'cmake_force_configure': False, 'cmake_target': None, 'cmake_target_skip_unavailable': False, 'install_base': '/home/rakan/MagangBayu24-PX4Simulation/install/px4_msgs', 'merge_install': False, 'path': '/home/rakan/MagangBayu24-PX4Simulation/px4_msgs', 'symlink_install': False, 'test_result_base': None}
[2.406s] INFO:colcon.colcon_core.executor:Executing jobs using 'parallel' executor
[2.446s] DEBUG:colcon.colcon_parallel_executor.executor.parallel:run_until_complete
[2.446s] INFO:colcon.colcon_ros.task.ament_cmake.build:Building ROS package in '/home/rakan/MagangBayu24-PX4Simulation/px4_msgs' with build type 'ament_cmake'
[2.446s] INFO:colcon.colcon_cmake.task.cmake.build:Building CMake package in '/home/rakan/MagangBayu24-PX4Simulation/px4_msgs'
[2.480s] INFO:colcon.colcon_core.plugin_system:Skipping extension 'colcon_core.shell.bat': Not used on non-Windows systems
[2.480s] INFO:colcon.colcon_core.shell:Skip shell extension 'powershell' for command environment: Not usable outside of PowerShell
[2.480s] DEBUG:colcon.colcon_core.shell:Skip shell extension 'dsv' for command environment
[2.571s] DEBUG:colcon.colcon_core.event_handler.log_command:Invoking command in '/home/rakan/MagangBayu24-PX4Simulation/build/px4_msgs': CMAKE_PREFIX_PATH=/opt/ros/foxy /home/rakan/.local/bin/cmake /home/rakan/MagangBayu24-PX4Simulation/px4_msgs -DCMAKE_INSTALL_PREFIX=/home/rakan/MagangBayu24-PX4Simulation/install/px4_msgs
[5.446s] DEBUG:colcon.colcon_core.event_handler.log_command:Invoked command in '/home/rakan/MagangBayu24-PX4Simulation/build/px4_msgs' returned '0': CMAKE_PREFIX_PATH=/opt/ros/foxy /home/rakan/.local/bin/cmake /home/rakan/MagangBayu24-PX4Simulation/px4_msgs -DCMAKE_INSTALL_PREFIX=/home/rakan/MagangBayu24-PX4Simulation/install/px4_msgs
[5.448s] DEBUG:colcon.colcon_core.event_handler.log_command:Invoking command in '/home/rakan/MagangBayu24-PX4Simulation/build/px4_msgs': CMAKE_PREFIX_PATH=/opt/ros/foxy /home/rakan/.local/bin/cmake --build /home/rakan/MagangBayu24-PX4Simulation/build/px4_msgs -- -j12 -l12
[236.635s] DEBUG:colcon.colcon_core.event_handler.log_command:Invoked command in '/home/rakan/MagangBayu24-PX4Simulation/build/px4_msgs' returned '0': CMAKE_PREFIX_PATH=/opt/ros/foxy /home/rakan/.local/bin/cmake --build /home/rakan/MagangBayu24-PX4Simulation/build/px4_msgs -- -j12 -l12
[238.686s] DEBUG:colcon.colcon_core.event_handler.log_command:Invoking command in '/home/rakan/MagangBayu24-PX4Simulation/build/px4_msgs': CMAKE_PREFIX_PATH=/opt/ros/foxy /home/rakan/.local/bin/cmake --install /home/rakan/MagangBayu24-PX4Simulation/build/px4_msgs
[239.102s] Level 1:colcon.colcon_core.environment:create_environment_scripts_only(px4_msgs)
[239.102s] DEBUG:colcon.colcon_core.event_handler.log_command:Invoked command in '/home/rakan/MagangBayu24-PX4Simulation/build/px4_msgs' returned '0': CMAKE_PREFIX_PATH=/opt/ros/foxy /home/rakan/.local/bin/cmake --install /home/rakan/MagangBayu24-PX4Simulation/build/px4_msgs
[239.159s] Level 1:colcon.colcon_core.environment:checking '/home/rakan/MagangBayu24-PX4Simulation/install/px4_msgs' for CMake module files
[239.161s] Level 1:colcon.colcon_core.environment:checking '/home/rakan/MagangBayu24-PX4Simulation/install/px4_msgs' for CMake config files
[239.163s] Level 1:colcon.colcon_core.shell:create_environment_hook('px4_msgs', 'cmake_prefix_path')
[239.212s] INFO:colcon.colcon_core.shell:Creating environment hook '/home/rakan/MagangBayu24-PX4Simulation/install/px4_msgs/share/px4_msgs/hook/cmake_prefix_path.ps1'
[239.213s] INFO:colcon.colcon_core.shell:Creating environment descriptor '/home/rakan/MagangBayu24-PX4Simulation/install/px4_msgs/share/px4_msgs/hook/cmake_prefix_path.dsv'
[239.213s] INFO:colcon.colcon_core.shell:Creating environment hook '/home/rakan/MagangBayu24-PX4Simulation/install/px4_msgs/share/px4_msgs/hook/cmake_prefix_path.sh'
[239.214s] Level 1:colcon.colcon_core.environment:checking '/home/rakan/MagangBayu24-PX4Simulation/install/px4_msgs/lib'
[239.214s] Level 1:colcon.colcon_core.shell:create_environment_hook('px4_msgs', 'ld_library_path_lib')
[239.247s] INFO:colcon.colcon_core.shell:Creating environment hook '/home/rakan/MagangBayu24-PX4Simulation/install/px4_msgs/share/px4_msgs/hook/ld_library_path_lib.ps1'
[239.247s] INFO:colcon.colcon_core.shell:Creating environment descriptor '/home/rakan/MagangBayu24-PX4Simulation/install/px4_msgs/share/px4_msgs/hook/ld_library_path_lib.dsv'
[239.247s] INFO:colcon.colcon_core.shell:Creating environment hook '/home/rakan/MagangBayu24-PX4Simulation/install/px4_msgs/share/px4_msgs/hook/ld_library_path_lib.sh'
[239.248s] Level 1:colcon.colcon_core.environment:checking '/home/rakan/MagangBayu24-PX4Simulation/install/px4_msgs/bin'
[239.248s] Level 1:colcon.colcon_core.environment:checking '/home/rakan/MagangBayu24-PX4Simulation/install/px4_msgs/lib/pkgconfig/px4_msgs.pc'
[239.248s] Level 1:colcon.colcon_core.environment:checking '/home/rakan/MagangBayu24-PX4Simulation/install/px4_msgs/lib/python3.8/site-packages'
[239.248s] Level 1:colcon.colcon_core.shell:create_environment_hook('px4_msgs', 'pythonpath')
[239.282s] INFO:colcon.colcon_core.shell:Creating environment hook '/home/rakan/MagangBayu24-PX4Simulation/install/px4_msgs/share/px4_msgs/hook/pythonpath.ps1'
[239.282s] INFO:colcon.colcon_core.shell:Creating environment descriptor '/home/rakan/MagangBayu24-PX4Simulation/install/px4_msgs/share/px4_msgs/hook/pythonpath.dsv'
[239.282s] INFO:colcon.colcon_core.shell:Creating environment hook '/home/rakan/MagangBayu24-PX4Simulation/install/px4_msgs/share/px4_msgs/hook/pythonpath.sh'
[239.282s] Level 1:colcon.colcon_core.environment:checking '/home/rakan/MagangBayu24-PX4Simulation/install/px4_msgs/bin'
[239.316s] INFO:colcon.colcon_core.shell:Creating package script '/home/rakan/MagangBayu24-PX4Simulation/install/px4_msgs/share/px4_msgs/package.ps1'
[239.320s] INFO:colcon.colcon_core.shell:Creating package descriptor '/home/rakan/MagangBayu24-PX4Simulation/install/px4_msgs/share/px4_msgs/package.dsv'
[239.322s] INFO:colcon.colcon_core.shell:Creating package script '/home/rakan/MagangBayu24-PX4Simulation/install/px4_msgs/share/px4_msgs/package.sh'
[239.324s] INFO:colcon.colcon_core.shell:Creating package script '/home/rakan/MagangBayu24-PX4Simulation/install/px4_msgs/share/px4_msgs/package.bash'
[239.325s] INFO:colcon.colcon_core.shell:Creating package script '/home/rakan/MagangBayu24-PX4Simulation/install/px4_msgs/share/px4_msgs/package.zsh'
[239.327s] Level 1:colcon.colcon_core.environment:create_file_with_runtime_dependencies(/home/rakan/MagangBayu24-PX4Simulation/install/px4_msgs/share/colcon-core/packages/px4_msgs)
[241.419s] Level 1:colcon.colcon_core.environment:create_environment_scripts_only(px4_msgs)
[241.453s] Level 1:colcon.colcon_core.environment:checking '/home/rakan/MagangBayu24-PX4Simulation/install/px4_msgs' for CMake module files
[241.453s] Level 1:colcon.colcon_core.environment:checking '/home/rakan/MagangBayu24-PX4Simulation/install/px4_msgs' for CMake config files
[241.454s] Level 1:colcon.colcon_core.shell:create_environment_hook('px4_msgs', 'cmake_prefix_path')
[241.487s] INFO:colcon.colcon_core.shell:Creating environment hook '/home/rakan/MagangBayu24-PX4Simulation/install/px4_msgs/share/px4_msgs/hook/cmake_prefix_path.ps1'
[241.499s] INFO:colcon.colcon_core.shell:Creating environment descriptor '/home/rakan/MagangBayu24-PX4Simulation/install/px4_msgs/share/px4_msgs/hook/cmake_prefix_path.dsv'
[241.500s] INFO:colcon.colcon_core.shell:Creating environment hook '/home/rakan/MagangBayu24-PX4Simulation/install/px4_msgs/share/px4_msgs/hook/cmake_prefix_path.sh'
[241.501s] Level 1:colcon.colcon_core.environment:checking '/home/rakan/MagangBayu24-PX4Simulation/install/px4_msgs/lib'
[241.501s] Level 1:colcon.colcon_core.shell:create_environment_hook('px4_msgs', 'ld_library_path_lib')
[241.544s] INFO:colcon.colcon_core.shell:Creating environment hook '/home/rakan/MagangBayu24-PX4Simulation/install/px4_msgs/share/px4_msgs/hook/ld_library_path_lib.ps1'
[241.544s] INFO:colcon.colcon_core.shell:Creating environment descriptor '/home/rakan/MagangBayu24-PX4Simulation/install/px4_msgs/share/px4_msgs/hook/ld_library_path_lib.dsv'
[241.545s] INFO:colcon.colcon_core.shell:Creating environment hook '/home/rakan/MagangBayu24-PX4Simulation/install/px4_msgs/share/px4_msgs/hook/ld_library_path_lib.sh'
[241.545s] Level 1:colcon.colcon_core.environment:checking '/home/rakan/MagangBayu24-PX4Simulation/install/px4_msgs/bin'
[241.545s] Level 1:colcon.colcon_core.environment:checking '/home/rakan/MagangBayu24-PX4Simulation/install/px4_msgs/lib/pkgconfig/px4_msgs.pc'
[241.545s] Level 1:colcon.colcon_core.environment:checking '/home/rakan/MagangBayu24-PX4Simulation/install/px4_msgs/lib/python3.8/site-packages'
[241.545s] Level 1:colcon.colcon_core.shell:create_environment_hook('px4_msgs', 'pythonpath')
[241.578s] INFO:colcon.colcon_core.shell:Creating environment hook '/home/rakan/MagangBayu24-PX4Simulation/install/px4_msgs/share/px4_msgs/hook/pythonpath.ps1'
[241.578s] INFO:colcon.colcon_core.shell:Creating environment descriptor '/home/rakan/MagangBayu24-PX4Simulation/install/px4_msgs/share/px4_msgs/hook/pythonpath.dsv'
[241.578s] INFO:colcon.colcon_core.shell:Creating environment hook '/home/rakan/MagangBayu24-PX4Simulation/install/px4_msgs/share/px4_msgs/hook/pythonpath.sh'
[241.579s] Level 1:colcon.colcon_core.environment:checking '/home/rakan/MagangBayu24-PX4Simulation/install/px4_msgs/bin'
[241.612s] INFO:colcon.colcon_core.shell:Creating package script '/home/rakan/MagangBayu24-PX4Simulation/install/px4_msgs/share/px4_msgs/package.ps1'
[241.613s] INFO:colcon.colcon_core.shell:Creating package descriptor '/home/rakan/MagangBayu24-PX4Simulation/install/px4_msgs/share/px4_msgs/package.dsv'
[241.613s] INFO:colcon.colcon_core.shell:Creating package script '/home/rakan/MagangBayu24-PX4Simulation/install/px4_msgs/share/px4_msgs/package.sh'
[241.613s] INFO:colcon.colcon_core.shell:Creating package script '/home/rakan/MagangBayu24-PX4Simulation/install/px4_msgs/share/px4_msgs/package.bash'
[241.614s] INFO:colcon.colcon_core.shell:Creating package script '/home/rakan/MagangBayu24-PX4Simulation/install/px4_msgs/share/px4_msgs/package.zsh'
[241.614s] Level 1:colcon.colcon_core.environment:create_file_with_runtime_dependencies(/home/rakan/MagangBayu24-PX4Simulation/install/px4_msgs/share/colcon-core/packages/px4_msgs)
[241.614s] DEBUG:colcon.colcon_parallel_executor.executor.parallel:closing loop
[241.614s] DEBUG:colcon.colcon_parallel_executor.executor.parallel:loop closed
[241.615s] DEBUG:colcon.colcon_parallel_executor.executor.parallel:run_until_complete finished with '0'
[241.615s] DEBUG:colcon.colcon_core.event_reactor:joining thread
[241.651s] INFO:colcon.colcon_core.plugin_system:Skipping extension 'colcon_notification.desktop_notification.terminal_notifier': Not used on non-Darwin systems
[241.651s] INFO:colcon.colcon_core.plugin_system:Skipping extension 'colcon_notification.desktop_notification.win32': Not used on non-Windows systems
[241.651s] INFO:colcon.colcon_notification.desktop_notification:Sending desktop notification using 'notify2'
[241.662s] DEBUG:colcon.colcon_core.event_reactor:joined thread
[241.696s] INFO:colcon.colcon_core.shell:Creating prefix script '/home/rakan/MagangBayu24-PX4Simulation/install/local_setup.ps1'
[241.697s] INFO:colcon.colcon_core.shell:Creating prefix util module '/home/rakan/MagangBayu24-PX4Simulation/install/_local_setup_util_ps1.py'
[241.698s] INFO:colcon.colcon_core.shell:Creating prefix chain script '/home/rakan/MagangBayu24-PX4Simulation/install/setup.ps1'
[241.732s] INFO:colcon.colcon_core.shell:Creating prefix script '/home/rakan/MagangBayu24-PX4Simulation/install/local_setup.sh'
[241.733s] INFO:colcon.colcon_core.shell:Creating prefix util module '/home/rakan/MagangBayu24-PX4Simulation/install/_local_setup_util_sh.py'
[241.733s] INFO:colcon.colcon_core.shell:Creating prefix chain script '/home/rakan/MagangBayu24-PX4Simulation/install/setup.sh'
[241.768s] INFO:colcon.colcon_core.shell:Creating prefix script '/home/rakan/MagangBayu24-PX4Simulation/install/local_setup.bash'
[241.768s] INFO:colcon.colcon_core.shell:Creating prefix chain script '/home/rakan/MagangBayu24-PX4Simulation/install/setup.bash'
[241.803s] INFO:colcon.colcon_core.shell:Creating prefix script '/home/rakan/MagangBayu24-PX4Simulation/install/local_setup.zsh'
[241.804s] INFO:colcon.colcon_core.shell:Creating prefix chain script '/home/rakan/MagangBayu24-PX4Simulation/install/setup.zsh'
