[1.880s] DEBUG:colcon:Command line arguments: ['/usr/bin/colcon', 'build', '--packages-select', 'tugas_drone']
[1.880s] DEBUG:colcon:Parsed command line arguments: Namespace(allow_overriding=[], ament_cmake_args=None, base_paths=['.'], build_base='build', catkin_cmake_args=None, catkin_skip_building_tests=False, cmake_args=None, cmake_clean_cache=False, cmake_clean_first=False, cmake_force_configure=False, cmake_target=None, cmake_target_skip_unavailable=False, continue_on_error=False, event_handlers=None, executor='parallel', ignore_user_meta=False, install_base='install', log_base=None, log_level=None, main=<bound method BuildVerb.main of <colcon_core.verb.build.BuildVerb object at 0x7f9c4bd75bb0>>, merge_install=False, metas=['./colcon.meta'], packages_above=None, packages_above_and_dependencies=None, packages_above_depth=None, packages_end=None, packages_ignore=None, packages_ignore_regex=None, packages_select=['tugas_drone'], packages_select_build_failed=False, packages_select_by_dep=None, packages_select_regex=None, packages_select_test_failures=False, packages_skip=None, packages_skip_build_finished=False, packages_skip_by_dep=None, packages_skip_regex=None, packages_skip_test_passed=False, packages_skip_up_to=None, packages_start=None, packages_up_to=None, packages_up_to_regex=None, parallel_workers=12, paths=None, symlink_install=False, test_result_base=None, verb_extension=<colcon_core.verb.build.BuildVerb object at 0x7f9c4bd75bb0>, verb_name='build', verb_parser=<colcon_defaults.argument_parser.defaults.DefaultArgumentsDecorator object at 0x7f9c4b954d30>)
[1.959s] Level 1:colcon.colcon_core.package_discovery:discover_packages(colcon_meta) check parameters
[1.959s] Level 1:colcon.colcon_core.package_discovery:discover_packages(recursive) check parameters
[1.959s] Level 1:colcon.colcon_core.package_discovery:discover_packages(ignore) check parameters
[1.959s] Level 1:colcon.colcon_core.package_discovery:discover_packages(path) check parameters
[1.959s] Level 1:colcon.colcon_core.package_discovery:discover_packages(colcon_meta) discover
[1.959s] Level 1:colcon.colcon_core.package_discovery:discover_packages(recursive) discover
[1.959s] INFO:colcon.colcon_core.package_discovery:Crawling recursively for packages in '/home/rakan/MagangBayu24-PX4Simulation'
[1.959s] Level 1:colcon.colcon_core.package_identification:_identify(.) by extensions ['ignore', 'ignore_ament_install']
[1.959s] Level 1:colcon.colcon_core.package_identification:_identify(.) by extension 'ignore'
[1.960s] Level 1:colcon.colcon_core.package_identification:_identify(.) by extension 'ignore_ament_install'
[1.960s] Level 1:colcon.colcon_core.package_identification:_identify(.) by extensions ['colcon_pkg']
[1.960s] Level 1:colcon.colcon_core.package_identification:_identify(.) by extension 'colcon_pkg'
[1.960s] Level 1:colcon.colcon_core.package_identification:_identify(.) by extensions ['colcon_meta']
[1.960s] Level 1:colcon.colcon_core.package_identification:_identify(.) by extension 'colcon_meta'
[1.960s] Level 1:colcon.colcon_core.package_identification:_identify(.) by extensions ['ros']
[1.960s] Level 1:colcon.colcon_core.package_identification:_identify(.) by extension 'ros'
[1.968s] Level 1:colcon.colcon_core.package_identification:_identify(.) by extensions ['cmake', 'python']
[1.968s] Level 1:colcon.colcon_core.package_identification:_identify(.) by extension 'cmake'
[1.968s] Level 1:colcon.colcon_core.package_identification:_identify(.) by extension 'python'
[1.968s] Level 1:colcon.colcon_core.package_identification:_identify(.) by extensions ['python_setup_py']
[1.968s] Level 1:colcon.colcon_core.package_identification:_identify(.) by extension 'python_setup_py'
[1.968s] Level 1:colcon.colcon_core.package_identification:_identify(build) by extensions ['ignore', 'ignore_ament_install']
[1.968s] Level 1:colcon.colcon_core.package_identification:_identify(build) by extension 'ignore'
[1.968s] Level 1:colcon.colcon_core.package_identification:_identify(build) ignored
[1.968s] Level 1:colcon.colcon_core.package_identification:_identify(install) by extensions ['ignore', 'ignore_ament_install']
[1.968s] Level 1:colcon.colcon_core.package_identification:_identify(install) by extension 'ignore'
[1.968s] Level 1:colcon.colcon_core.package_identification:_identify(install) ignored
[1.968s] Level 1:colcon.colcon_core.package_identification:_identify(log) by extensions ['ignore', 'ignore_ament_install']
[1.969s] Level 1:colcon.colcon_core.package_identification:_identify(log) by extension 'ignore'
[1.969s] Level 1:colcon.colcon_core.package_identification:_identify(log) ignored
[1.969s] Level 1:colcon.colcon_core.package_identification:_identify(px4_msgs) by extensions ['ignore', 'ignore_ament_install']
[1.969s] Level 1:colcon.colcon_core.package_identification:_identify(px4_msgs) by extension 'ignore'
[1.969s] Level 1:colcon.colcon_core.package_identification:_identify(px4_msgs) by extension 'ignore_ament_install'
[1.969s] Level 1:colcon.colcon_core.package_identification:_identify(px4_msgs) by extensions ['colcon_pkg']
[1.969s] Level 1:colcon.colcon_core.package_identification:_identify(px4_msgs) by extension 'colcon_pkg'
[1.969s] Level 1:colcon.colcon_core.package_identification:_identify(px4_msgs) by extensions ['colcon_meta']
[1.969s] Level 1:colcon.colcon_core.package_identification:_identify(px4_msgs) by extension 'colcon_meta'
[1.969s] Level 1:colcon.colcon_core.package_identification:_identify(px4_msgs) by extensions ['ros']
[1.969s] Level 1:colcon.colcon_core.package_identification:_identify(px4_msgs) by extension 'ros'
[1.971s] DEBUG:colcon.colcon_core.package_identification:Package 'px4_msgs' with type 'ros.ament_cmake' and name 'px4_msgs'
[1.971s] Level 1:colcon.colcon_core.package_identification:_identify(px4_ros_com) by extensions ['ignore', 'ignore_ament_install']
[1.971s] Level 1:colcon.colcon_core.package_identification:_identify(px4_ros_com) by extension 'ignore'
[1.971s] Level 1:colcon.colcon_core.package_identification:_identify(px4_ros_com) by extension 'ignore_ament_install'
[1.971s] Level 1:colcon.colcon_core.package_identification:_identify(px4_ros_com) by extensions ['colcon_pkg']
[1.971s] Level 1:colcon.colcon_core.package_identification:_identify(px4_ros_com) by extension 'colcon_pkg'
[1.971s] Level 1:colcon.colcon_core.package_identification:_identify(px4_ros_com) by extensions ['colcon_meta']
[1.971s] Level 1:colcon.colcon_core.package_identification:_identify(px4_ros_com) by extension 'colcon_meta'
[1.971s] Level 1:colcon.colcon_core.package_identification:_identify(px4_ros_com) by extensions ['ros']
[1.971s] Level 1:colcon.colcon_core.package_identification:_identify(px4_ros_com) by extension 'ros'
[1.972s] DEBUG:colcon.colcon_core.package_identification:Package 'px4_ros_com' with type 'ros.ament_cmake' and name 'px4_ros_com'
[1.972s] Level 1:colcon.colcon_core.package_identification:_identify(tugas_drone) by extensions ['ignore', 'ignore_ament_install']
[1.972s] Level 1:colcon.colcon_core.package_identification:_identify(tugas_drone) by extension 'ignore'
[1.972s] Level 1:colcon.colcon_core.package_identification:_identify(tugas_drone) by extension 'ignore_ament_install'
[1.972s] Level 1:colcon.colcon_core.package_identification:_identify(tugas_drone) by extensions ['colcon_pkg']
[1.972s] Level 1:colcon.colcon_core.package_identification:_identify(tugas_drone) by extension 'colcon_pkg'
[1.972s] Level 1:colcon.colcon_core.package_identification:_identify(tugas_drone) by extensions ['colcon_meta']
[1.972s] Level 1:colcon.colcon_core.package_identification:_identify(tugas_drone) by extension 'colcon_meta'
[1.972s] Level 1:colcon.colcon_core.package_identification:_identify(tugas_drone) by extensions ['ros']
[1.972s] Level 1:colcon.colcon_core.package_identification:_identify(tugas_drone) by extension 'ros'
[1.973s] DEBUG:colcon.colcon_core.package_identification:Package 'tugas_drone' with type 'ros.ament_cmake' and name 'tugas_drone'
[1.973s] Level 1:colcon.colcon_core.package_discovery:discover_packages(recursive) using defaults
[1.973s] Level 1:colcon.colcon_core.package_discovery:discover_packages(ignore) discover
[1.973s] Level 1:colcon.colcon_core.package_discovery:discover_packages(ignore) using defaults
[1.973s] Level 1:colcon.colcon_core.package_discovery:discover_packages(path) discover
[1.973s] Level 1:colcon.colcon_core.package_discovery:discover_packages(path) using defaults
[2.087s] INFO:colcon.colcon_core.package_selection:Skipping not selected package 'px4_msgs' in 'px4_msgs'
[2.087s] INFO:colcon.colcon_core.package_selection:Skipping not selected package 'px4_ros_com' in 'px4_ros_com'
[2.151s] Level 1:colcon.colcon_core.package_discovery:discover_packages(prefix_path) check parameters
[2.151s] Level 1:colcon.colcon_core.package_discovery:discover_packages(prefix_path) discover
[2.216s] DEBUG:colcon.colcon_installed_package_information.package_discovery:Found 2 installed packages in /home/rakan/MagangBayu24-PX4Simulation/install
[2.249s] DEBUG:colcon.colcon_installed_package_information.package_discovery:Found 256 installed packages in /opt/ros/foxy
[2.250s] Level 1:colcon.colcon_core.package_discovery:discover_packages(prefix_path) using defaults
[2.367s] Level 5:colcon.colcon_core.verb:set package 'tugas_drone' build argument 'cmake_args' from command line to 'None'
[2.367s] Level 5:colcon.colcon_core.verb:set package 'tugas_drone' build argument 'cmake_target' from command line to 'None'
[2.367s] Level 5:colcon.colcon_core.verb:set package 'tugas_drone' build argument 'cmake_target_skip_unavailable' from command line to 'False'
[2.367s] Level 5:colcon.colcon_core.verb:set package 'tugas_drone' build argument 'cmake_clean_cache' from command line to 'False'
[2.367s] Level 5:colcon.colcon_core.verb:set package 'tugas_drone' build argument 'cmake_clean_first' from command line to 'False'
[2.367s] Level 5:colcon.colcon_core.verb:set package 'tugas_drone' build argument 'cmake_force_configure' from command line to 'False'
[2.367s] Level 5:colcon.colcon_core.verb:set package 'tugas_drone' build argument 'ament_cmake_args' from command line to 'None'
[2.367s] Level 5:colcon.colcon_core.verb:set package 'tugas_drone' build argument 'catkin_cmake_args' from command line to 'None'
[2.367s] Level 5:colcon.colcon_core.verb:set package 'tugas_drone' build argument 'catkin_skip_building_tests' from command line to 'False'
[2.367s] DEBUG:colcon.colcon_core.verb:Building package 'tugas_drone' with the following arguments: {'ament_cmake_args': None, 'build_base': '/home/rakan/MagangBayu24-PX4Simulation/build/tugas_drone', 'catkin_cmake_args': None, 'catkin_skip_building_tests': False, 'cmake_args': None, 'cmake_clean_cache': False, 'cmake_clean_first': False, 'cmake_force_configure': False, 'cmake_target': None, 'cmake_target_skip_unavailable': False, 'install_base': '/home/rakan/MagangBayu24-PX4Simulation/install/tugas_drone', 'merge_install': False, 'path': '/home/rakan/MagangBayu24-PX4Simulation/tugas_drone', 'symlink_install': False, 'test_result_base': None}
[2.406s] INFO:colcon.colcon_core.executor:Executing jobs using 'parallel' executor
[2.438s] DEBUG:colcon.colcon_parallel_executor.executor.parallel:run_until_complete
[2.438s] INFO:colcon.colcon_ros.task.ament_cmake.build:Building ROS package in '/home/rakan/MagangBayu24-PX4Simulation/tugas_drone' with build type 'ament_cmake'
[2.439s] INFO:colcon.colcon_cmake.task.cmake.build:Building CMake package in '/home/rakan/MagangBayu24-PX4Simulation/tugas_drone'
[2.472s] INFO:colcon.colcon_core.plugin_system:Skipping extension 'colcon_core.shell.bat': Not used on non-Windows systems
[2.473s] INFO:colcon.colcon_core.shell:Skip shell extension 'powershell' for command environment: Not usable outside of PowerShell
[2.473s] DEBUG:colcon.colcon_core.shell:Skip shell extension 'dsv' for command environment
[2.596s] DEBUG:colcon.colcon_core.event_handler.log_command:Invoking command in '/home/rakan/MagangBayu24-PX4Simulation/build/tugas_drone': CMAKE_PREFIX_PATH=/home/rakan/MagangBayu24-PX4Simulation/install/px4_msgs:/home/rakan/MagangBayu24-PX4Simulation/install/tugas_drone:/opt/ros/foxy /home/rakan/.local/bin/cmake --build /home/rakan/MagangBayu24-PX4Simulation/build/tugas_drone -- -j12 -l12
[6.583s] DEBUG:colcon.colcon_core.event_handler.log_command:Invoked command in '/home/rakan/MagangBayu24-PX4Simulation/build/tugas_drone' returned '0': CMAKE_PREFIX_PATH=/home/rakan/MagangBayu24-PX4Simulation/install/px4_msgs:/home/rakan/MagangBayu24-PX4Simulation/install/tugas_drone:/opt/ros/foxy /home/rakan/.local/bin/cmake --build /home/rakan/MagangBayu24-PX4Simulation/build/tugas_drone -- -j12 -l12
[6.636s] DEBUG:colcon.colcon_core.event_handler.log_command:Invoking command in '/home/rakan/MagangBayu24-PX4Simulation/build/tugas_drone': CMAKE_PREFIX_PATH=/home/rakan/MagangBayu24-PX4Simulation/install/px4_msgs:/home/rakan/MagangBayu24-PX4Simulation/install/tugas_drone:/opt/ros/foxy /home/rakan/.local/bin/cmake --install /home/rakan/MagangBayu24-PX4Simulation/build/tugas_drone
[6.660s] Level 1:colcon.colcon_core.environment:create_environment_scripts_only(tugas_drone)
[6.661s] DEBUG:colcon.colcon_core.event_handler.log_command:Invoked command in '/home/rakan/MagangBayu24-PX4Simulation/build/tugas_drone' returned '0': CMAKE_PREFIX_PATH=/home/rakan/MagangBayu24-PX4Simulation/install/px4_msgs:/home/rakan/MagangBayu24-PX4Simulation/install/tugas_drone:/opt/ros/foxy /home/rakan/.local/bin/cmake --install /home/rakan/MagangBayu24-PX4Simulation/build/tugas_drone
[6.696s] Level 1:colcon.colcon_core.environment:checking '/home/rakan/MagangBayu24-PX4Simulation/install/tugas_drone' for CMake module files
[6.697s] Level 1:colcon.colcon_core.environment:checking '/home/rakan/MagangBayu24-PX4Simulation/install/tugas_drone' for CMake config files
[6.697s] Level 1:colcon.colcon_core.shell:create_environment_hook('tugas_drone', 'cmake_prefix_path')
[6.730s] INFO:colcon.colcon_core.shell:Creating environment hook '/home/rakan/MagangBayu24-PX4Simulation/install/tugas_drone/share/tugas_drone/hook/cmake_prefix_path.ps1'
[6.730s] INFO:colcon.colcon_core.shell:Creating environment descriptor '/home/rakan/MagangBayu24-PX4Simulation/install/tugas_drone/share/tugas_drone/hook/cmake_prefix_path.dsv'
[6.731s] INFO:colcon.colcon_core.shell:Creating environment hook '/home/rakan/MagangBayu24-PX4Simulation/install/tugas_drone/share/tugas_drone/hook/cmake_prefix_path.sh'
[6.731s] Level 1:colcon.colcon_core.environment:checking '/home/rakan/MagangBayu24-PX4Simulation/install/tugas_drone/lib'
[6.732s] Level 1:colcon.colcon_core.environment:checking '/home/rakan/MagangBayu24-PX4Simulation/install/tugas_drone/bin'
[6.732s] Level 1:colcon.colcon_core.environment:checking '/home/rakan/MagangBayu24-PX4Simulation/install/tugas_drone/lib/pkgconfig/tugas_drone.pc'
[6.732s] Level 1:colcon.colcon_core.environment:checking '/home/rakan/MagangBayu24-PX4Simulation/install/tugas_drone/lib/python3.8/site-packages'
[6.732s] Level 1:colcon.colcon_core.environment:checking '/home/rakan/MagangBayu24-PX4Simulation/install/tugas_drone/bin'
[6.765s] INFO:colcon.colcon_core.shell:Creating package script '/home/rakan/MagangBayu24-PX4Simulation/install/tugas_drone/share/tugas_drone/package.ps1'
[6.766s] INFO:colcon.colcon_core.shell:Creating package descriptor '/home/rakan/MagangBayu24-PX4Simulation/install/tugas_drone/share/tugas_drone/package.dsv'
[6.766s] INFO:colcon.colcon_core.shell:Creating package script '/home/rakan/MagangBayu24-PX4Simulation/install/tugas_drone/share/tugas_drone/package.sh'
[6.767s] INFO:colcon.colcon_core.shell:Creating package script '/home/rakan/MagangBayu24-PX4Simulation/install/tugas_drone/share/tugas_drone/package.bash'
[6.767s] INFO:colcon.colcon_core.shell:Creating package script '/home/rakan/MagangBayu24-PX4Simulation/install/tugas_drone/share/tugas_drone/package.zsh'
[6.767s] Level 1:colcon.colcon_core.environment:create_file_with_runtime_dependencies(/home/rakan/MagangBayu24-PX4Simulation/install/tugas_drone/share/colcon-core/packages/tugas_drone)
[6.833s] Level 1:colcon.colcon_core.environment:create_environment_scripts_only(tugas_drone)
[6.867s] Level 1:colcon.colcon_core.environment:checking '/home/rakan/MagangBayu24-PX4Simulation/install/tugas_drone' for CMake module files
[6.867s] Level 1:colcon.colcon_core.environment:checking '/home/rakan/MagangBayu24-PX4Simulation/install/tugas_drone' for CMake config files
[6.867s] Level 1:colcon.colcon_core.shell:create_environment_hook('tugas_drone', 'cmake_prefix_path')
[6.900s] INFO:colcon.colcon_core.shell:Creating environment hook '/home/rakan/MagangBayu24-PX4Simulation/install/tugas_drone/share/tugas_drone/hook/cmake_prefix_path.ps1'
[6.911s] INFO:colcon.colcon_core.shell:Creating environment descriptor '/home/rakan/MagangBayu24-PX4Simulation/install/tugas_drone/share/tugas_drone/hook/cmake_prefix_path.dsv'
[6.912s] INFO:colcon.colcon_core.shell:Creating environment hook '/home/rakan/MagangBayu24-PX4Simulation/install/tugas_drone/share/tugas_drone/hook/cmake_prefix_path.sh'
[6.913s] Level 1:colcon.colcon_core.environment:checking '/home/rakan/MagangBayu24-PX4Simulation/install/tugas_drone/lib'
[6.914s] Level 1:colcon.colcon_core.environment:checking '/home/rakan/MagangBayu24-PX4Simulation/install/tugas_drone/bin'
[6.914s] Level 1:colcon.colcon_core.environment:checking '/home/rakan/MagangBayu24-PX4Simulation/install/tugas_drone/lib/pkgconfig/tugas_drone.pc'
[6.914s] Level 1:colcon.colcon_core.environment:checking '/home/rakan/MagangBayu24-PX4Simulation/install/tugas_drone/lib/python3.8/site-packages'
[6.915s] Level 1:colcon.colcon_core.environment:checking '/home/rakan/MagangBayu24-PX4Simulation/install/tugas_drone/bin'
[6.958s] INFO:colcon.colcon_core.shell:Creating package script '/home/rakan/MagangBayu24-PX4Simulation/install/tugas_drone/share/tugas_drone/package.ps1'
[6.959s] INFO:colcon.colcon_core.shell:Creating package descriptor '/home/rakan/MagangBayu24-PX4Simulation/install/tugas_drone/share/tugas_drone/package.dsv'
[6.959s] INFO:colcon.colcon_core.shell:Creating package script '/home/rakan/MagangBayu24-PX4Simulation/install/tugas_drone/share/tugas_drone/package.sh'
[6.959s] INFO:colcon.colcon_core.shell:Creating package script '/home/rakan/MagangBayu24-PX4Simulation/install/tugas_drone/share/tugas_drone/package.bash'
[6.959s] INFO:colcon.colcon_core.shell:Creating package script '/home/rakan/MagangBayu24-PX4Simulation/install/tugas_drone/share/tugas_drone/package.zsh'
[6.960s] Level 1:colcon.colcon_core.environment:create_file_with_runtime_dependencies(/home/rakan/MagangBayu24-PX4Simulation/install/tugas_drone/share/colcon-core/packages/tugas_drone)
[6.960s] DEBUG:colcon.colcon_parallel_executor.executor.parallel:closing loop
[6.960s] DEBUG:colcon.colcon_parallel_executor.executor.parallel:loop closed
[6.960s] DEBUG:colcon.colcon_parallel_executor.executor.parallel:run_until_complete finished with '0'
[6.960s] DEBUG:colcon.colcon_core.event_reactor:joining thread
[6.997s] INFO:colcon.colcon_core.plugin_system:Skipping extension 'colcon_notification.desktop_notification.terminal_notifier': Not used on non-Darwin systems
[6.997s] INFO:colcon.colcon_core.plugin_system:Skipping extension 'colcon_notification.desktop_notification.win32': Not used on non-Windows systems
[6.997s] INFO:colcon.colcon_notification.desktop_notification:Sending desktop notification using 'notify2'
[7.008s] DEBUG:colcon.colcon_core.event_reactor:joined thread
[7.042s] INFO:colcon.colcon_core.shell:Creating prefix script '/home/rakan/MagangBayu24-PX4Simulation/install/local_setup.ps1'
[7.043s] INFO:colcon.colcon_core.shell:Creating prefix util module '/home/rakan/MagangBayu24-PX4Simulation/install/_local_setup_util_ps1.py'
[7.043s] INFO:colcon.colcon_core.shell:Creating prefix chain script '/home/rakan/MagangBayu24-PX4Simulation/install/setup.ps1'
[7.077s] INFO:colcon.colcon_core.shell:Creating prefix script '/home/rakan/MagangBayu24-PX4Simulation/install/local_setup.sh'
[7.077s] INFO:colcon.colcon_core.shell:Creating prefix util module '/home/rakan/MagangBayu24-PX4Simulation/install/_local_setup_util_sh.py'
[7.078s] INFO:colcon.colcon_core.shell:Creating prefix chain script '/home/rakan/MagangBayu24-PX4Simulation/install/setup.sh'
[7.111s] INFO:colcon.colcon_core.shell:Creating prefix script '/home/rakan/MagangBayu24-PX4Simulation/install/local_setup.bash'
[7.112s] INFO:colcon.colcon_core.shell:Creating prefix chain script '/home/rakan/MagangBayu24-PX4Simulation/install/setup.bash'
[7.145s] INFO:colcon.colcon_core.shell:Creating prefix script '/home/rakan/MagangBayu24-PX4Simulation/install/local_setup.zsh'
[7.145s] INFO:colcon.colcon_core.shell:Creating prefix chain script '/home/rakan/MagangBayu24-PX4Simulation/install/setup.zsh'
