[4.677s] DEBUG:colcon:Command line arguments: ['/usr/bin/colcon', 'build', '--packages-select', 'px4_msgs']
[4.677s] DEBUG:colcon:Parsed command line arguments: Namespace(allow_overriding=[], ament_cmake_args=None, base_paths=['.'], build_base='build', catkin_cmake_args=None, catkin_skip_building_tests=False, cmake_args=None, cmake_clean_cache=False, cmake_clean_first=False, cmake_force_configure=False, cmake_target=None, cmake_target_skip_unavailable=False, continue_on_error=False, event_handlers=None, executor='parallel', ignore_user_meta=False, install_base='install', log_base=None, log_level=None, main=<bound method BuildVerb.main of <colcon_core.verb.build.BuildVerb object at 0x7f2eb32b7b20>>, merge_install=False, metas=['./colcon.meta'], packages_above=None, packages_above_and_dependencies=None, packages_above_depth=None, packages_end=None, packages_ignore=None, packages_ignore_regex=None, packages_select=['px4_msgs'], packages_select_build_failed=False, packages_select_by_dep=None, packages_select_regex=None, packages_select_test_failures=False, packages_skip=None, packages_skip_build_finished=False, packages_skip_by_dep=None, packages_skip_regex=None, packages_skip_test_passed=False, packages_skip_up_to=None, packages_start=None, packages_up_to=None, packages_up_to_regex=None, parallel_workers=12, paths=None, symlink_install=False, test_result_base=None, verb_extension=<colcon_core.verb.build.BuildVerb object at 0x7f2eb32b7b20>, verb_name='build', verb_parser=<colcon_defaults.argument_parser.defaults.DefaultArgumentsDecorator object at 0x7f2eb2f08e80>)
[4.888s] Level 1:colcon.colcon_core.package_discovery:discover_packages(colcon_meta) check parameters
[4.888s] Level 1:colcon.colcon_core.package_discovery:discover_packages(recursive) check parameters
[4.888s] Level 1:colcon.colcon_core.package_discovery:discover_packages(ignore) check parameters
[4.888s] Level 1:colcon.colcon_core.package_discovery:discover_packages(path) check parameters
[4.888s] Level 1:colcon.colcon_core.package_discovery:discover_packages(colcon_meta) discover
[4.888s] Level 1:colcon.colcon_core.package_discovery:discover_packages(recursive) discover
[4.888s] INFO:colcon.colcon_core.package_discovery:Crawling recursively for packages in '/home/rakan/MagangBayu24-PX4Simulation'
[4.888s] Level 1:colcon.colcon_core.package_identification:_identify(.) by extensions ['ignore', 'ignore_ament_install']
[4.888s] Level 1:colcon.colcon_core.package_identification:_identify(.) by extension 'ignore'
[4.888s] Level 1:colcon.colcon_core.package_identification:_identify(.) by extension 'ignore_ament_install'
[4.888s] Level 1:colcon.colcon_core.package_identification:_identify(.) by extensions ['colcon_pkg']
[4.888s] Level 1:colcon.colcon_core.package_identification:_identify(.) by extension 'colcon_pkg'
[4.889s] Level 1:colcon.colcon_core.package_identification:_identify(.) by extensions ['colcon_meta']
[4.889s] Level 1:colcon.colcon_core.package_identification:_identify(.) by extension 'colcon_meta'
[4.889s] Level 1:colcon.colcon_core.package_identification:_identify(.) by extensions ['ros']
[4.889s] Level 1:colcon.colcon_core.package_identification:_identify(.) by extension 'ros'
[4.918s] Level 1:colcon.colcon_core.package_identification:_identify(.) by extensions ['cmake', 'python']
[4.918s] Level 1:colcon.colcon_core.package_identification:_identify(.) by extension 'cmake'
[4.918s] Level 1:colcon.colcon_core.package_identification:_identify(.) by extension 'python'
[4.918s] Level 1:colcon.colcon_core.package_identification:_identify(.) by extensions ['python_setup_py']
[4.919s] Level 1:colcon.colcon_core.package_identification:_identify(.) by extension 'python_setup_py'
[4.919s] Level 1:colcon.colcon_core.package_identification:_identify(build) by extensions ['ignore', 'ignore_ament_install']
[4.919s] Level 1:colcon.colcon_core.package_identification:_identify(build) by extension 'ignore'
[4.919s] Level 1:colcon.colcon_core.package_identification:_identify(build) ignored
[4.919s] Level 1:colcon.colcon_core.package_identification:_identify(install) by extensions ['ignore', 'ignore_ament_install']
[4.919s] Level 1:colcon.colcon_core.package_identification:_identify(install) by extension 'ignore'
[4.919s] Level 1:colcon.colcon_core.package_identification:_identify(install) ignored
[4.919s] Level 1:colcon.colcon_core.package_identification:_identify(log) by extensions ['ignore', 'ignore_ament_install']
[4.919s] Level 1:colcon.colcon_core.package_identification:_identify(log) by extension 'ignore'
[4.919s] Level 1:colcon.colcon_core.package_identification:_identify(log) ignored
[4.920s] Level 1:colcon.colcon_core.package_identification:_identify(px4_msgs) by extensions ['ignore', 'ignore_ament_install']
[4.920s] Level 1:colcon.colcon_core.package_identification:_identify(px4_msgs) by extension 'ignore'
[4.920s] Level 1:colcon.colcon_core.package_identification:_identify(px4_msgs) by extension 'ignore_ament_install'
[4.920s] Level 1:colcon.colcon_core.package_identification:_identify(px4_msgs) by extensions ['colcon_pkg']
[4.920s] Level 1:colcon.colcon_core.package_identification:_identify(px4_msgs) by extension 'colcon_pkg'
[4.920s] Level 1:colcon.colcon_core.package_identification:_identify(px4_msgs) by extensions ['colcon_meta']
[4.920s] Level 1:colcon.colcon_core.package_identification:_identify(px4_msgs) by extension 'colcon_meta'
[4.920s] Level 1:colcon.colcon_core.package_identification:_identify(px4_msgs) by extensions ['ros']
[4.920s] Level 1:colcon.colcon_core.package_identification:_identify(px4_msgs) by extension 'ros'
[4.929s] DEBUG:colcon.colcon_core.package_identification:Package 'px4_msgs' with type 'ros.ament_cmake' and name 'px4_msgs'
[4.929s] Level 1:colcon.colcon_core.package_identification:_identify(px4_ros_com) by extensions ['ignore', 'ignore_ament_install']
[4.929s] Level 1:colcon.colcon_core.package_identification:_identify(px4_ros_com) by extension 'ignore'
[4.929s] Level 1:colcon.colcon_core.package_identification:_identify(px4_ros_com) by extension 'ignore_ament_install'
[4.929s] Level 1:colcon.colcon_core.package_identification:_identify(px4_ros_com) by extensions ['colcon_pkg']
[4.929s] Level 1:colcon.colcon_core.package_identification:_identify(px4_ros_com) by extension 'colcon_pkg'
[4.929s] Level 1:colcon.colcon_core.package_identification:_identify(px4_ros_com) by extensions ['colcon_meta']
[4.929s] Level 1:colcon.colcon_core.package_identification:_identify(px4_ros_com) by extension 'colcon_meta'
[4.929s] Level 1:colcon.colcon_core.package_identification:_identify(px4_ros_com) by extensions ['ros']
[4.930s] Level 1:colcon.colcon_core.package_identification:_identify(px4_ros_com) by extension 'ros'
[4.933s] DEBUG:colcon.colcon_core.package_identification:Package 'px4_ros_com' with type 'ros.ament_cmake' and name 'px4_ros_com'
[4.934s] Level 1:colcon.colcon_core.package_identification:_identify(tugas_drone) by extensions ['ignore', 'ignore_ament_install']
[4.934s] Level 1:colcon.colcon_core.package_identification:_identify(tugas_drone) by extension 'ignore'
[4.934s] Level 1:colcon.colcon_core.package_identification:_identify(tugas_drone) by extension 'ignore_ament_install'
[4.934s] Level 1:colcon.colcon_core.package_identification:_identify(tugas_drone) by extensions ['colcon_pkg']
[4.934s] Level 1:colcon.colcon_core.package_identification:_identify(tugas_drone) by extension 'colcon_pkg'
[4.934s] Level 1:colcon.colcon_core.package_identification:_identify(tugas_drone) by extensions ['colcon_meta']
[4.934s] Level 1:colcon.colcon_core.package_identification:_identify(tugas_drone) by extension 'colcon_meta'
[4.934s] Level 1:colcon.colcon_core.package_identification:_identify(tugas_drone) by extensions ['ros']
[4.934s] Level 1:colcon.colcon_core.package_identification:_identify(tugas_drone) by extension 'ros'
[4.936s] DEBUG:colcon.colcon_core.package_identification:Package 'tugas_drone' with type 'ros.ament_cmake' and name 'tugas_drone'
[4.936s] Level 1:colcon.colcon_core.package_discovery:discover_packages(recursive) using defaults
[4.936s] Level 1:colcon.colcon_core.package_discovery:discover_packages(ignore) discover
[4.936s] Level 1:colcon.colcon_core.package_discovery:discover_packages(ignore) using defaults
[4.936s] Level 1:colcon.colcon_core.package_discovery:discover_packages(path) discover
[4.936s] Level 1:colcon.colcon_core.package_discovery:discover_packages(path) using defaults
[5.233s] INFO:colcon.colcon_core.package_selection:Skipping not selected package 'px4_ros_com' in 'px4_ros_com'
[5.233s] INFO:colcon.colcon_core.package_selection:Skipping not selected package 'tugas_drone' in 'tugas_drone'
[5.381s] Level 1:colcon.colcon_core.package_discovery:discover_packages(prefix_path) check parameters
[5.381s] Level 1:colcon.colcon_core.package_discovery:discover_packages(prefix_path) discover
[5.525s] DEBUG:colcon.colcon_installed_package_information.package_discovery:Found 256 installed packages in /opt/ros/foxy
[5.527s] Level 1:colcon.colcon_core.package_discovery:discover_packages(prefix_path) using defaults
[5.833s] Level 5:colcon.colcon_core.verb:set package 'px4_msgs' build argument 'cmake_args' from command line to 'None'
[5.834s] Level 5:colcon.colcon_core.verb:set package 'px4_msgs' build argument 'cmake_target' from command line to 'None'
[5.834s] Level 5:colcon.colcon_core.verb:set package 'px4_msgs' build argument 'cmake_target_skip_unavailable' from command line to 'False'
[5.834s] Level 5:colcon.colcon_core.verb:set package 'px4_msgs' build argument 'cmake_clean_cache' from command line to 'False'
[5.834s] Level 5:colcon.colcon_core.verb:set package 'px4_msgs' build argument 'cmake_clean_first' from command line to 'False'
[5.834s] Level 5:colcon.colcon_core.verb:set package 'px4_msgs' build argument 'cmake_force_configure' from command line to 'False'
[5.834s] Level 5:colcon.colcon_core.verb:set package 'px4_msgs' build argument 'ament_cmake_args' from command line to 'None'
[5.834s] Level 5:colcon.colcon_core.verb:set package 'px4_msgs' build argument 'catkin_cmake_args' from command line to 'None'
[5.834s] Level 5:colcon.colcon_core.verb:set package 'px4_msgs' build argument 'catkin_skip_building_tests' from command line to 'False'
[5.834s] DEBUG:colcon.colcon_core.verb:Building package 'px4_msgs' with the following arguments: {'ament_cmake_args': None, 'build_base': '/home/rakan/MagangBayu24-PX4Simulation/build/px4_msgs', 'catkin_cmake_args': None, 'catkin_skip_building_tests': False, 'cmake_args': None, 'cmake_clean_cache': False, 'cmake_clean_first': False, 'cmake_force_configure': False, 'cmake_target': None, 'cmake_target_skip_unavailable': False, 'install_base': '/home/rakan/MagangBayu24-PX4Simulation/install/px4_msgs', 'merge_install': False, 'path': '/home/rakan/MagangBayu24-PX4Simulation/px4_msgs', 'symlink_install': False, 'test_result_base': None}
[5.906s] INFO:colcon.colcon_core.executor:Executing jobs using 'parallel' executor
[6.008s] DEBUG:colcon.colcon_parallel_executor.executor.parallel:run_until_complete
[6.008s] INFO:colcon.colcon_ros.task.ament_cmake.build:Building ROS package in '/home/rakan/MagangBayu24-PX4Simulation/px4_msgs' with build type 'ament_cmake'
[6.008s] INFO:colcon.colcon_cmake.task.cmake.build:Building CMake package in '/home/rakan/MagangBayu24-PX4Simulation/px4_msgs'
[6.088s] INFO:colcon.colcon_core.plugin_system:Skipping extension 'colcon_core.shell.bat': Not used on non-Windows systems
[6.089s] INFO:colcon.colcon_core.shell:Skip shell extension 'powershell' for command environment: Not usable outside of PowerShell
[6.089s] DEBUG:colcon.colcon_core.shell:Skip shell extension 'dsv' for command environment
[6.256s] DEBUG:colcon.colcon_core.event_handler.log_command:Invoking command in '/home/rakan/MagangBayu24-PX4Simulation/build/px4_msgs': CMAKE_PREFIX_PATH=/opt/ros/foxy /home/rakan/.local/bin/cmake --build /home/rakan/MagangBayu24-PX4Simulation/build/px4_msgs -- -j12 -l12
[8.369s] DEBUG:colcon.colcon_core.event_handler.log_command:Invoked command in '/home/rakan/MagangBayu24-PX4Simulation/build/px4_msgs' returned '0': CMAKE_PREFIX_PATH=/opt/ros/foxy /home/rakan/.local/bin/cmake --build /home/rakan/MagangBayu24-PX4Simulation/build/px4_msgs -- -j12 -l12
[14.130s] DEBUG:colcon.colcon_core.event_handler.log_command:Invoking command in '/home/rakan/MagangBayu24-PX4Simulation/build/px4_msgs': CMAKE_PREFIX_PATH=/opt/ros/foxy /home/rakan/.local/bin/cmake --install /home/rakan/MagangBayu24-PX4Simulation/build/px4_msgs
[14.921s] Level 1:colcon.colcon_core.environment:create_environment_scripts_only(px4_msgs)
[14.922s] DEBUG:colcon.colcon_core.event_handler.log_command:Invoked command in '/home/rakan/MagangBayu24-PX4Simulation/build/px4_msgs' returned '0': CMAKE_PREFIX_PATH=/opt/ros/foxy /home/rakan/.local/bin/cmake --install /home/rakan/MagangBayu24-PX4Simulation/build/px4_msgs
[15.009s] Level 1:colcon.colcon_core.environment:checking '/home/rakan/MagangBayu24-PX4Simulation/install/px4_msgs' for CMake module files
[15.009s] Level 1:colcon.colcon_core.environment:checking '/home/rakan/MagangBayu24-PX4Simulation/install/px4_msgs' for CMake config files
[15.011s] Level 1:colcon.colcon_core.shell:create_environment_hook('px4_msgs', 'cmake_prefix_path')
[15.088s] INFO:colcon.colcon_core.shell:Creating environment hook '/home/rakan/MagangBayu24-PX4Simulation/install/px4_msgs/share/px4_msgs/hook/cmake_prefix_path.ps1'
[15.090s] INFO:colcon.colcon_core.shell:Creating environment descriptor '/home/rakan/MagangBayu24-PX4Simulation/install/px4_msgs/share/px4_msgs/hook/cmake_prefix_path.dsv'
[15.091s] INFO:colcon.colcon_core.shell:Creating environment hook '/home/rakan/MagangBayu24-PX4Simulation/install/px4_msgs/share/px4_msgs/hook/cmake_prefix_path.sh'
[15.094s] Level 1:colcon.colcon_core.environment:checking '/home/rakan/MagangBayu24-PX4Simulation/install/px4_msgs/lib'
[15.094s] Level 1:colcon.colcon_core.shell:create_environment_hook('px4_msgs', 'ld_library_path_lib')
[15.169s] INFO:colcon.colcon_core.shell:Creating environment hook '/home/rakan/MagangBayu24-PX4Simulation/install/px4_msgs/share/px4_msgs/hook/ld_library_path_lib.ps1'
[15.170s] INFO:colcon.colcon_core.shell:Creating environment descriptor '/home/rakan/MagangBayu24-PX4Simulation/install/px4_msgs/share/px4_msgs/hook/ld_library_path_lib.dsv'
[15.170s] INFO:colcon.colcon_core.shell:Creating environment hook '/home/rakan/MagangBayu24-PX4Simulation/install/px4_msgs/share/px4_msgs/hook/ld_library_path_lib.sh'
[15.171s] Level 1:colcon.colcon_core.environment:checking '/home/rakan/MagangBayu24-PX4Simulation/install/px4_msgs/bin'
[15.172s] Level 1:colcon.colcon_core.environment:checking '/home/rakan/MagangBayu24-PX4Simulation/install/px4_msgs/lib/pkgconfig/px4_msgs.pc'
[15.172s] Level 1:colcon.colcon_core.environment:checking '/home/rakan/MagangBayu24-PX4Simulation/install/px4_msgs/lib/python3.8/site-packages'
[15.172s] Level 1:colcon.colcon_core.shell:create_environment_hook('px4_msgs', 'pythonpath')
[15.241s] INFO:colcon.colcon_core.shell:Creating environment hook '/home/rakan/MagangBayu24-PX4Simulation/install/px4_msgs/share/px4_msgs/hook/pythonpath.ps1'
[15.241s] INFO:colcon.colcon_core.shell:Creating environment descriptor '/home/rakan/MagangBayu24-PX4Simulation/install/px4_msgs/share/px4_msgs/hook/pythonpath.dsv'
[15.242s] INFO:colcon.colcon_core.shell:Creating environment hook '/home/rakan/MagangBayu24-PX4Simulation/install/px4_msgs/share/px4_msgs/hook/pythonpath.sh'
[15.246s] Level 1:colcon.colcon_core.environment:checking '/home/rakan/MagangBayu24-PX4Simulation/install/px4_msgs/bin'
[15.318s] INFO:colcon.colcon_core.shell:Creating package script '/home/rakan/MagangBayu24-PX4Simulation/install/px4_msgs/share/px4_msgs/package.ps1'
[15.319s] INFO:colcon.colcon_core.shell:Creating package descriptor '/home/rakan/MagangBayu24-PX4Simulation/install/px4_msgs/share/px4_msgs/package.dsv'
[15.320s] INFO:colcon.colcon_core.shell:Creating package script '/home/rakan/MagangBayu24-PX4Simulation/install/px4_msgs/share/px4_msgs/package.sh'
[15.320s] INFO:colcon.colcon_core.shell:Creating package script '/home/rakan/MagangBayu24-PX4Simulation/install/px4_msgs/share/px4_msgs/package.bash'
[15.321s] INFO:colcon.colcon_core.shell:Creating package script '/home/rakan/MagangBayu24-PX4Simulation/install/px4_msgs/share/px4_msgs/package.zsh'
[15.326s] Level 1:colcon.colcon_core.environment:create_file_with_runtime_dependencies(/home/rakan/MagangBayu24-PX4Simulation/install/px4_msgs/share/colcon-core/packages/px4_msgs)
[20.924s] Level 1:colcon.colcon_core.environment:create_environment_scripts_only(px4_msgs)
[21.001s] Level 1:colcon.colcon_core.environment:checking '/home/rakan/MagangBayu24-PX4Simulation/install/px4_msgs' for CMake module files
[21.002s] Level 1:colcon.colcon_core.environment:checking '/home/rakan/MagangBayu24-PX4Simulation/install/px4_msgs' for CMake config files
[21.004s] Level 1:colcon.colcon_core.shell:create_environment_hook('px4_msgs', 'cmake_prefix_path')
[21.076s] INFO:colcon.colcon_core.shell:Creating environment hook '/home/rakan/MagangBayu24-PX4Simulation/install/px4_msgs/share/px4_msgs/hook/cmake_prefix_path.ps1'
[21.078s] INFO:colcon.colcon_core.shell:Creating environment descriptor '/home/rakan/MagangBayu24-PX4Simulation/install/px4_msgs/share/px4_msgs/hook/cmake_prefix_path.dsv'
[21.078s] INFO:colcon.colcon_core.shell:Creating environment hook '/home/rakan/MagangBayu24-PX4Simulation/install/px4_msgs/share/px4_msgs/hook/cmake_prefix_path.sh'
[21.079s] Level 1:colcon.colcon_core.environment:checking '/home/rakan/MagangBayu24-PX4Simulation/install/px4_msgs/lib'
[21.079s] Level 1:colcon.colcon_core.shell:create_environment_hook('px4_msgs', 'ld_library_path_lib')
[21.145s] INFO:colcon.colcon_core.shell:Creating environment hook '/home/rakan/MagangBayu24-PX4Simulation/install/px4_msgs/share/px4_msgs/hook/ld_library_path_lib.ps1'
[21.145s] INFO:colcon.colcon_core.shell:Creating environment descriptor '/home/rakan/MagangBayu24-PX4Simulation/install/px4_msgs/share/px4_msgs/hook/ld_library_path_lib.dsv'
[21.146s] INFO:colcon.colcon_core.shell:Creating environment hook '/home/rakan/MagangBayu24-PX4Simulation/install/px4_msgs/share/px4_msgs/hook/ld_library_path_lib.sh'
[21.146s] Level 1:colcon.colcon_core.environment:checking '/home/rakan/MagangBayu24-PX4Simulation/install/px4_msgs/bin'
[21.147s] Level 1:colcon.colcon_core.environment:checking '/home/rakan/MagangBayu24-PX4Simulation/install/px4_msgs/lib/pkgconfig/px4_msgs.pc'
[21.148s] Level 1:colcon.colcon_core.environment:checking '/home/rakan/MagangBayu24-PX4Simulation/install/px4_msgs/lib/python3.8/site-packages'
[21.149s] Level 1:colcon.colcon_core.shell:create_environment_hook('px4_msgs', 'pythonpath')
[21.222s] INFO:colcon.colcon_core.shell:Creating environment hook '/home/rakan/MagangBayu24-PX4Simulation/install/px4_msgs/share/px4_msgs/hook/pythonpath.ps1'
[21.223s] INFO:colcon.colcon_core.shell:Creating environment descriptor '/home/rakan/MagangBayu24-PX4Simulation/install/px4_msgs/share/px4_msgs/hook/pythonpath.dsv'
[21.223s] INFO:colcon.colcon_core.shell:Creating environment hook '/home/rakan/MagangBayu24-PX4Simulation/install/px4_msgs/share/px4_msgs/hook/pythonpath.sh'
[21.223s] Level 1:colcon.colcon_core.environment:checking '/home/rakan/MagangBayu24-PX4Simulation/install/px4_msgs/bin'
[21.303s] INFO:colcon.colcon_core.shell:Creating package script '/home/rakan/MagangBayu24-PX4Simulation/install/px4_msgs/share/px4_msgs/package.ps1'
[21.303s] INFO:colcon.colcon_core.shell:Creating package descriptor '/home/rakan/MagangBayu24-PX4Simulation/install/px4_msgs/share/px4_msgs/package.dsv'
[21.304s] INFO:colcon.colcon_core.shell:Creating package script '/home/rakan/MagangBayu24-PX4Simulation/install/px4_msgs/share/px4_msgs/package.sh'
[21.304s] INFO:colcon.colcon_core.shell:Creating package script '/home/rakan/MagangBayu24-PX4Simulation/install/px4_msgs/share/px4_msgs/package.bash'
[21.304s] INFO:colcon.colcon_core.shell:Creating package script '/home/rakan/MagangBayu24-PX4Simulation/install/px4_msgs/share/px4_msgs/package.zsh'
[21.304s] Level 1:colcon.colcon_core.environment:create_file_with_runtime_dependencies(/home/rakan/MagangBayu24-PX4Simulation/install/px4_msgs/share/colcon-core/packages/px4_msgs)
[21.305s] DEBUG:colcon.colcon_parallel_executor.executor.parallel:closing loop
[21.305s] DEBUG:colcon.colcon_parallel_executor.executor.parallel:loop closed
[21.306s] DEBUG:colcon.colcon_parallel_executor.executor.parallel:run_until_complete finished with '0'
[21.306s] DEBUG:colcon.colcon_core.event_reactor:joining thread
[21.392s] INFO:colcon.colcon_core.plugin_system:Skipping extension 'colcon_notification.desktop_notification.terminal_notifier': Not used on non-Darwin systems
[21.392s] INFO:colcon.colcon_core.plugin_system:Skipping extension 'colcon_notification.desktop_notification.win32': Not used on non-Windows systems
[21.392s] INFO:colcon.colcon_notification.desktop_notification:Sending desktop notification using 'notify2'
[21.424s] DEBUG:colcon.colcon_core.event_reactor:joined thread
[21.495s] INFO:colcon.colcon_core.shell:Creating prefix script '/home/rakan/MagangBayu24-PX4Simulation/install/local_setup.ps1'
[21.496s] INFO:colcon.colcon_core.shell:Creating prefix util module '/home/rakan/MagangBayu24-PX4Simulation/install/_local_setup_util_ps1.py'
[21.497s] INFO:colcon.colcon_core.shell:Creating prefix chain script '/home/rakan/MagangBayu24-PX4Simulation/install/setup.ps1'
[21.576s] INFO:colcon.colcon_core.shell:Creating prefix script '/home/rakan/MagangBayu24-PX4Simulation/install/local_setup.sh'
[21.577s] INFO:colcon.colcon_core.shell:Creating prefix util module '/home/rakan/MagangBayu24-PX4Simulation/install/_local_setup_util_sh.py'
[21.578s] INFO:colcon.colcon_core.shell:Creating prefix chain script '/home/rakan/MagangBayu24-PX4Simulation/install/setup.sh'
[21.655s] INFO:colcon.colcon_core.shell:Creating prefix script '/home/rakan/MagangBayu24-PX4Simulation/install/local_setup.bash'
[21.656s] INFO:colcon.colcon_core.shell:Creating prefix chain script '/home/rakan/MagangBayu24-PX4Simulation/install/setup.bash'
[21.733s] INFO:colcon.colcon_core.shell:Creating prefix script '/home/rakan/MagangBayu24-PX4Simulation/install/local_setup.zsh'
[21.735s] INFO:colcon.colcon_core.shell:Creating prefix chain script '/home/rakan/MagangBayu24-PX4Simulation/install/setup.zsh'
