[9.721s] DEBUG:colcon:Command line arguments: ['/usr/bin/colcon', 'build', '--packages-select', 'tugas_drone']
[9.721s] DEBUG:colcon:Parsed command line arguments: Namespace(allow_overriding=[], ament_cmake_args=None, base_paths=['.'], build_base='build', catkin_cmake_args=None, catkin_skip_building_tests=False, cmake_args=None, cmake_clean_cache=False, cmake_clean_first=False, cmake_force_configure=False, cmake_target=None, cmake_target_skip_unavailable=False, continue_on_error=False, event_handlers=None, executor='parallel', ignore_user_meta=False, install_base='install', log_base=None, log_level=None, main=<bound method BuildVerb.main of <colcon_core.verb.build.BuildVerb object at 0x7f97023c9b20>>, merge_install=False, metas=['./colcon.meta'], packages_above=None, packages_above_and_dependencies=None, packages_above_depth=None, packages_end=None, packages_ignore=None, packages_ignore_regex=None, packages_select=['tugas_drone'], packages_select_build_failed=False, packages_select_by_dep=None, packages_select_regex=None, packages_select_test_failures=False, packages_skip=None, packages_skip_build_finished=False, packages_skip_by_dep=None, packages_skip_regex=None, packages_skip_test_passed=False, packages_skip_up_to=None, packages_start=None, packages_up_to=None, packages_up_to_regex=None, parallel_workers=12, paths=None, symlink_install=False, test_result_base=None, verb_extension=<colcon_core.verb.build.BuildVerb object at 0x7f97023c9b20>, verb_name='build', verb_parser=<colcon_defaults.argument_parser.defaults.DefaultArgumentsDecorator object at 0x7f9702038070>)
[10.101s] Level 1:colcon.colcon_core.package_discovery:discover_packages(colcon_meta) check parameters
[10.102s] Level 1:colcon.colcon_core.package_discovery:discover_packages(recursive) check parameters
[10.102s] Level 1:colcon.colcon_core.package_discovery:discover_packages(ignore) check parameters
[10.103s] Level 1:colcon.colcon_core.package_discovery:discover_packages(path) check parameters
[10.103s] Level 1:colcon.colcon_core.package_discovery:discover_packages(colcon_meta) discover
[10.103s] Level 1:colcon.colcon_core.package_discovery:discover_packages(recursive) discover
[10.103s] INFO:colcon.colcon_core.package_discovery:Crawling recursively for packages in '/home/rakan/MagangBayu24-PX4Simulation'
[10.103s] Level 1:colcon.colcon_core.package_identification:_identify(.) by extensions ['ignore', 'ignore_ament_install']
[10.104s] Level 1:colcon.colcon_core.package_identification:_identify(.) by extension 'ignore'
[10.104s] Level 1:colcon.colcon_core.package_identification:_identify(.) by extension 'ignore_ament_install'
[10.104s] Level 1:colcon.colcon_core.package_identification:_identify(.) by extensions ['colcon_pkg']
[10.105s] Level 1:colcon.colcon_core.package_identification:_identify(.) by extension 'colcon_pkg'
[10.106s] Level 1:colcon.colcon_core.package_identification:_identify(.) by extensions ['colcon_meta']
[10.107s] Level 1:colcon.colcon_core.package_identification:_identify(.) by extension 'colcon_meta'
[10.109s] Level 1:colcon.colcon_core.package_identification:_identify(.) by extensions ['ros']
[10.109s] Level 1:colcon.colcon_core.package_identification:_identify(.) by extension 'ros'
[10.160s] Level 1:colcon.colcon_core.package_identification:_identify(.) by extensions ['cmake', 'python']
[10.160s] Level 1:colcon.colcon_core.package_identification:_identify(.) by extension 'cmake'
[10.160s] Level 1:colcon.colcon_core.package_identification:_identify(.) by extension 'python'
[10.160s] Level 1:colcon.colcon_core.package_identification:_identify(.) by extensions ['python_setup_py']
[10.161s] Level 1:colcon.colcon_core.package_identification:_identify(.) by extension 'python_setup_py'
[10.161s] Level 1:colcon.colcon_core.package_identification:_identify(build) by extensions ['ignore', 'ignore_ament_install']
[10.161s] Level 1:colcon.colcon_core.package_identification:_identify(build) by extension 'ignore'
[10.161s] Level 1:colcon.colcon_core.package_identification:_identify(build) ignored
[10.161s] Level 1:colcon.colcon_core.package_identification:_identify(install) by extensions ['ignore', 'ignore_ament_install']
[10.162s] Level 1:colcon.colcon_core.package_identification:_identify(install) by extension 'ignore'
[10.162s] Level 1:colcon.colcon_core.package_identification:_identify(install) ignored
[10.162s] Level 1:colcon.colcon_core.package_identification:_identify(log) by extensions ['ignore', 'ignore_ament_install']
[10.162s] Level 1:colcon.colcon_core.package_identification:_identify(log) by extension 'ignore'
[10.162s] Level 1:colcon.colcon_core.package_identification:_identify(log) ignored
[10.162s] Level 1:colcon.colcon_core.package_identification:_identify(px4_msgs) by extensions ['ignore', 'ignore_ament_install']
[10.162s] Level 1:colcon.colcon_core.package_identification:_identify(px4_msgs) by extension 'ignore'
[10.162s] Level 1:colcon.colcon_core.package_identification:_identify(px4_msgs) by extension 'ignore_ament_install'
[10.162s] Level 1:colcon.colcon_core.package_identification:_identify(px4_msgs) by extensions ['colcon_pkg']
[10.163s] Level 1:colcon.colcon_core.package_identification:_identify(px4_msgs) by extension 'colcon_pkg'
[10.163s] Level 1:colcon.colcon_core.package_identification:_identify(px4_msgs) by extensions ['colcon_meta']
[10.163s] Level 1:colcon.colcon_core.package_identification:_identify(px4_msgs) by extension 'colcon_meta'
[10.163s] Level 1:colcon.colcon_core.package_identification:_identify(px4_msgs) by extensions ['ros']
[10.163s] Level 1:colcon.colcon_core.package_identification:_identify(px4_msgs) by extension 'ros'
[10.180s] DEBUG:colcon.colcon_core.package_identification:Package 'px4_msgs' with type 'ros.ament_cmake' and name 'px4_msgs'
[10.181s] Level 1:colcon.colcon_core.package_identification:_identify(px4_ros_com) by extensions ['ignore', 'ignore_ament_install']
[10.181s] Level 1:colcon.colcon_core.package_identification:_identify(px4_ros_com) by extension 'ignore'
[10.181s] Level 1:colcon.colcon_core.package_identification:_identify(px4_ros_com) by extension 'ignore_ament_install'
[10.181s] Level 1:colcon.colcon_core.package_identification:_identify(px4_ros_com) by extensions ['colcon_pkg']
[10.181s] Level 1:colcon.colcon_core.package_identification:_identify(px4_ros_com) by extension 'colcon_pkg'
[10.181s] Level 1:colcon.colcon_core.package_identification:_identify(px4_ros_com) by extensions ['colcon_meta']
[10.181s] Level 1:colcon.colcon_core.package_identification:_identify(px4_ros_com) by extension 'colcon_meta'
[10.181s] Level 1:colcon.colcon_core.package_identification:_identify(px4_ros_com) by extensions ['ros']
[10.182s] Level 1:colcon.colcon_core.package_identification:_identify(px4_ros_com) by extension 'ros'
[10.191s] DEBUG:colcon.colcon_core.package_identification:Package 'px4_ros_com' with type 'ros.ament_cmake' and name 'px4_ros_com'
[10.192s] Level 1:colcon.colcon_core.package_identification:_identify(tugas_drone) by extensions ['ignore', 'ignore_ament_install']
[10.193s] Level 1:colcon.colcon_core.package_identification:_identify(tugas_drone) by extension 'ignore'
[10.193s] Level 1:colcon.colcon_core.package_identification:_identify(tugas_drone) by extension 'ignore_ament_install'
[10.193s] Level 1:colcon.colcon_core.package_identification:_identify(tugas_drone) by extensions ['colcon_pkg']
[10.194s] Level 1:colcon.colcon_core.package_identification:_identify(tugas_drone) by extension 'colcon_pkg'
[10.194s] Level 1:colcon.colcon_core.package_identification:_identify(tugas_drone) by extensions ['colcon_meta']
[10.194s] Level 1:colcon.colcon_core.package_identification:_identify(tugas_drone) by extension 'colcon_meta'
[10.194s] Level 1:colcon.colcon_core.package_identification:_identify(tugas_drone) by extensions ['ros']
[10.194s] Level 1:colcon.colcon_core.package_identification:_identify(tugas_drone) by extension 'ros'
[10.198s] DEBUG:colcon.colcon_core.package_identification:Package 'tugas_drone' with type 'ros.ament_cmake' and name 'tugas_drone'
[10.199s] Level 1:colcon.colcon_core.package_discovery:discover_packages(recursive) using defaults
[10.199s] Level 1:colcon.colcon_core.package_discovery:discover_packages(ignore) discover
[10.200s] Level 1:colcon.colcon_core.package_discovery:discover_packages(ignore) using defaults
[10.200s] Level 1:colcon.colcon_core.package_discovery:discover_packages(path) discover
[10.200s] Level 1:colcon.colcon_core.package_discovery:discover_packages(path) using defaults
[10.755s] INFO:colcon.colcon_core.package_selection:Skipping not selected package 'px4_msgs' in 'px4_msgs'
[10.755s] INFO:colcon.colcon_core.package_selection:Skipping not selected package 'px4_ros_com' in 'px4_ros_com'
[11.093s] Level 1:colcon.colcon_core.package_discovery:discover_packages(prefix_path) check parameters
[11.094s] Level 1:colcon.colcon_core.package_discovery:discover_packages(prefix_path) discover
[11.442s] DEBUG:colcon.colcon_installed_package_information.package_discovery:Found 2 installed packages in /home/rakan/MagangBayu24-PX4Simulation/install
[11.598s] DEBUG:colcon.colcon_installed_package_information.package_discovery:Found 256 installed packages in /opt/ros/foxy
[11.612s] Level 1:colcon.colcon_core.package_discovery:discover_packages(prefix_path) using defaults
[12.197s] Level 5:colcon.colcon_core.verb:set package 'tugas_drone' build argument 'cmake_args' from command line to 'None'
[12.197s] Level 5:colcon.colcon_core.verb:set package 'tugas_drone' build argument 'cmake_target' from command line to 'None'
[12.198s] Level 5:colcon.colcon_core.verb:set package 'tugas_drone' build argument 'cmake_target_skip_unavailable' from command line to 'False'
[12.198s] Level 5:colcon.colcon_core.verb:set package 'tugas_drone' build argument 'cmake_clean_cache' from command line to 'False'
[12.198s] Level 5:colcon.colcon_core.verb:set package 'tugas_drone' build argument 'cmake_clean_first' from command line to 'False'
[12.198s] Level 5:colcon.colcon_core.verb:set package 'tugas_drone' build argument 'cmake_force_configure' from command line to 'False'
[12.198s] Level 5:colcon.colcon_core.verb:set package 'tugas_drone' build argument 'ament_cmake_args' from command line to 'None'
[12.198s] Level 5:colcon.colcon_core.verb:set package 'tugas_drone' build argument 'catkin_cmake_args' from command line to 'None'
[12.198s] Level 5:colcon.colcon_core.verb:set package 'tugas_drone' build argument 'catkin_skip_building_tests' from command line to 'False'
[12.198s] DEBUG:colcon.colcon_core.verb:Building package 'tugas_drone' with the following arguments: {'ament_cmake_args': None, 'build_base': '/home/rakan/MagangBayu24-PX4Simulation/build/tugas_drone', 'catkin_cmake_args': None, 'catkin_skip_building_tests': False, 'cmake_args': None, 'cmake_clean_cache': False, 'cmake_clean_first': False, 'cmake_force_configure': False, 'cmake_target': None, 'cmake_target_skip_unavailable': False, 'install_base': '/home/rakan/MagangBayu24-PX4Simulation/install/tugas_drone', 'merge_install': False, 'path': '/home/rakan/MagangBayu24-PX4Simulation/tugas_drone', 'symlink_install': False, 'test_result_base': None}
[12.463s] INFO:colcon.colcon_core.executor:Executing jobs using 'parallel' executor
[12.605s] DEBUG:colcon.colcon_parallel_executor.executor.parallel:run_until_complete
[12.606s] INFO:colcon.colcon_ros.task.ament_cmake.build:Building ROS package in '/home/rakan/MagangBayu24-PX4Simulation/tugas_drone' with build type 'ament_cmake'
[12.607s] INFO:colcon.colcon_cmake.task.cmake.build:Building CMake package in '/home/rakan/MagangBayu24-PX4Simulation/tugas_drone'
[12.770s] INFO:colcon.colcon_core.plugin_system:Skipping extension 'colcon_core.shell.bat': Not used on non-Windows systems
[12.770s] INFO:colcon.colcon_core.shell:Skip shell extension 'powershell' for command environment: Not usable outside of PowerShell
[12.770s] DEBUG:colcon.colcon_core.shell:Skip shell extension 'dsv' for command environment
[13.255s] DEBUG:colcon.colcon_core.event_handler.log_command:Invoking command in '/home/rakan/MagangBayu24-PX4Simulation/build/tugas_drone': CMAKE_PREFIX_PATH=/home/rakan/MagangBayu24-PX4Simulation/install/px4_msgs:/home/rakan/MagangBayu24-PX4Simulation/install/tugas_drone:/opt/ros/foxy /home/rakan/.local/bin/cmake --build /home/rakan/MagangBayu24-PX4Simulation/build/tugas_drone -- -j12 -l12
[31.883s] DEBUG:colcon.colcon_core.event_handler.log_command:Invoked command in '/home/rakan/MagangBayu24-PX4Simulation/build/tugas_drone' returned '0': CMAKE_PREFIX_PATH=/home/rakan/MagangBayu24-PX4Simulation/install/px4_msgs:/home/rakan/MagangBayu24-PX4Simulation/install/tugas_drone:/opt/ros/foxy /home/rakan/.local/bin/cmake --build /home/rakan/MagangBayu24-PX4Simulation/build/tugas_drone -- -j12 -l12
[32.249s] DEBUG:colcon.colcon_core.event_handler.log_command:Invoking command in '/home/rakan/MagangBayu24-PX4Simulation/build/tugas_drone': CMAKE_PREFIX_PATH=/home/rakan/MagangBayu24-PX4Simulation/install/px4_msgs:/home/rakan/MagangBayu24-PX4Simulation/install/tugas_drone:/opt/ros/foxy /home/rakan/.local/bin/cmake --install /home/rakan/MagangBayu24-PX4Simulation/build/tugas_drone
[32.412s] Level 1:colcon.colcon_core.environment:create_environment_scripts_only(tugas_drone)
[32.413s] DEBUG:colcon.colcon_core.event_handler.log_command:Invoked command in '/home/rakan/MagangBayu24-PX4Simulation/build/tugas_drone' returned '0': CMAKE_PREFIX_PATH=/home/rakan/MagangBayu24-PX4Simulation/install/px4_msgs:/home/rakan/MagangBayu24-PX4Simulation/install/tugas_drone:/opt/ros/foxy /home/rakan/.local/bin/cmake --install /home/rakan/MagangBayu24-PX4Simulation/build/tugas_drone
[32.560s] Level 1:colcon.colcon_core.environment:checking '/home/rakan/MagangBayu24-PX4Simulation/install/tugas_drone' for CMake module files
[32.562s] Level 1:colcon.colcon_core.environment:checking '/home/rakan/MagangBayu24-PX4Simulation/install/tugas_drone' for CMake config files
[32.563s] Level 1:colcon.colcon_core.shell:create_environment_hook('tugas_drone', 'cmake_prefix_path')
[32.721s] INFO:colcon.colcon_core.shell:Creating environment hook '/home/rakan/MagangBayu24-PX4Simulation/install/tugas_drone/share/tugas_drone/hook/cmake_prefix_path.ps1'
[32.725s] INFO:colcon.colcon_core.shell:Creating environment descriptor '/home/rakan/MagangBayu24-PX4Simulation/install/tugas_drone/share/tugas_drone/hook/cmake_prefix_path.dsv'
[32.731s] INFO:colcon.colcon_core.shell:Creating environment hook '/home/rakan/MagangBayu24-PX4Simulation/install/tugas_drone/share/tugas_drone/hook/cmake_prefix_path.sh'
[32.736s] Level 1:colcon.colcon_core.environment:checking '/home/rakan/MagangBayu24-PX4Simulation/install/tugas_drone/lib'
[32.738s] Level 1:colcon.colcon_core.environment:checking '/home/rakan/MagangBayu24-PX4Simulation/install/tugas_drone/bin'
[32.738s] Level 1:colcon.colcon_core.environment:checking '/home/rakan/MagangBayu24-PX4Simulation/install/tugas_drone/lib/pkgconfig/tugas_drone.pc'
[32.739s] Level 1:colcon.colcon_core.environment:checking '/home/rakan/MagangBayu24-PX4Simulation/install/tugas_drone/lib/python3.8/site-packages'
[32.739s] Level 1:colcon.colcon_core.environment:checking '/home/rakan/MagangBayu24-PX4Simulation/install/tugas_drone/bin'
[32.872s] INFO:colcon.colcon_core.shell:Creating package script '/home/rakan/MagangBayu24-PX4Simulation/install/tugas_drone/share/tugas_drone/package.ps1'
[32.875s] INFO:colcon.colcon_core.shell:Creating package descriptor '/home/rakan/MagangBayu24-PX4Simulation/install/tugas_drone/share/tugas_drone/package.dsv'
[32.877s] INFO:colcon.colcon_core.shell:Creating package script '/home/rakan/MagangBayu24-PX4Simulation/install/tugas_drone/share/tugas_drone/package.sh'
[32.879s] INFO:colcon.colcon_core.shell:Creating package script '/home/rakan/MagangBayu24-PX4Simulation/install/tugas_drone/share/tugas_drone/package.bash'
[32.886s] INFO:colcon.colcon_core.shell:Creating package script '/home/rakan/MagangBayu24-PX4Simulation/install/tugas_drone/share/tugas_drone/package.zsh'
[32.890s] Level 1:colcon.colcon_core.environment:create_file_with_runtime_dependencies(/home/rakan/MagangBayu24-PX4Simulation/install/tugas_drone/share/colcon-core/packages/tugas_drone)
[33.225s] Level 1:colcon.colcon_core.environment:create_environment_scripts_only(tugas_drone)
[33.401s] Level 1:colcon.colcon_core.environment:checking '/home/rakan/MagangBayu24-PX4Simulation/install/tugas_drone' for CMake module files
[33.402s] Level 1:colcon.colcon_core.environment:checking '/home/rakan/MagangBayu24-PX4Simulation/install/tugas_drone' for CMake config files
[33.403s] Level 1:colcon.colcon_core.shell:create_environment_hook('tugas_drone', 'cmake_prefix_path')
[33.562s] INFO:colcon.colcon_core.shell:Creating environment hook '/home/rakan/MagangBayu24-PX4Simulation/install/tugas_drone/share/tugas_drone/hook/cmake_prefix_path.ps1'
[33.564s] INFO:colcon.colcon_core.shell:Creating environment descriptor '/home/rakan/MagangBayu24-PX4Simulation/install/tugas_drone/share/tugas_drone/hook/cmake_prefix_path.dsv'
[33.565s] INFO:colcon.colcon_core.shell:Creating environment hook '/home/rakan/MagangBayu24-PX4Simulation/install/tugas_drone/share/tugas_drone/hook/cmake_prefix_path.sh'
[33.569s] Level 1:colcon.colcon_core.environment:checking '/home/rakan/MagangBayu24-PX4Simulation/install/tugas_drone/lib'
[33.570s] Level 1:colcon.colcon_core.environment:checking '/home/rakan/MagangBayu24-PX4Simulation/install/tugas_drone/bin'
[33.570s] Level 1:colcon.colcon_core.environment:checking '/home/rakan/MagangBayu24-PX4Simulation/install/tugas_drone/lib/pkgconfig/tugas_drone.pc'
[33.571s] Level 1:colcon.colcon_core.environment:checking '/home/rakan/MagangBayu24-PX4Simulation/install/tugas_drone/lib/python3.8/site-packages'
[33.571s] Level 1:colcon.colcon_core.environment:checking '/home/rakan/MagangBayu24-PX4Simulation/install/tugas_drone/bin'
[33.726s] INFO:colcon.colcon_core.shell:Creating package script '/home/rakan/MagangBayu24-PX4Simulation/install/tugas_drone/share/tugas_drone/package.ps1'
[33.728s] INFO:colcon.colcon_core.shell:Creating package descriptor '/home/rakan/MagangBayu24-PX4Simulation/install/tugas_drone/share/tugas_drone/package.dsv'
[33.728s] INFO:colcon.colcon_core.shell:Creating package script '/home/rakan/MagangBayu24-PX4Simulation/install/tugas_drone/share/tugas_drone/package.sh'
[33.730s] INFO:colcon.colcon_core.shell:Creating package script '/home/rakan/MagangBayu24-PX4Simulation/install/tugas_drone/share/tugas_drone/package.bash'
[33.732s] INFO:colcon.colcon_core.shell:Creating package script '/home/rakan/MagangBayu24-PX4Simulation/install/tugas_drone/share/tugas_drone/package.zsh'
[33.733s] Level 1:colcon.colcon_core.environment:create_file_with_runtime_dependencies(/home/rakan/MagangBayu24-PX4Simulation/install/tugas_drone/share/colcon-core/packages/tugas_drone)
[33.734s] DEBUG:colcon.colcon_parallel_executor.executor.parallel:closing loop
[33.734s] DEBUG:colcon.colcon_parallel_executor.executor.parallel:loop closed
[33.734s] DEBUG:colcon.colcon_parallel_executor.executor.parallel:run_until_complete finished with '0'
[33.734s] DEBUG:colcon.colcon_core.event_reactor:joining thread
[33.904s] INFO:colcon.colcon_core.plugin_system:Skipping extension 'colcon_notification.desktop_notification.terminal_notifier': Not used on non-Darwin systems
[33.905s] INFO:colcon.colcon_core.plugin_system:Skipping extension 'colcon_notification.desktop_notification.win32': Not used on non-Windows systems
[33.905s] INFO:colcon.colcon_notification.desktop_notification:Sending desktop notification using 'notify2'
[33.973s] DEBUG:colcon.colcon_core.event_reactor:joined thread
[34.118s] INFO:colcon.colcon_core.shell:Creating prefix script '/home/rakan/MagangBayu24-PX4Simulation/install/local_setup.ps1'
[34.124s] INFO:colcon.colcon_core.shell:Creating prefix util module '/home/rakan/MagangBayu24-PX4Simulation/install/_local_setup_util_ps1.py'
[34.128s] INFO:colcon.colcon_core.shell:Creating prefix chain script '/home/rakan/MagangBayu24-PX4Simulation/install/setup.ps1'
[34.256s] INFO:colcon.colcon_core.shell:Creating prefix script '/home/rakan/MagangBayu24-PX4Simulation/install/local_setup.sh'
[34.259s] INFO:colcon.colcon_core.shell:Creating prefix util module '/home/rakan/MagangBayu24-PX4Simulation/install/_local_setup_util_sh.py'
[34.261s] INFO:colcon.colcon_core.shell:Creating prefix chain script '/home/rakan/MagangBayu24-PX4Simulation/install/setup.sh'
[34.398s] INFO:colcon.colcon_core.shell:Creating prefix script '/home/rakan/MagangBayu24-PX4Simulation/install/local_setup.bash'
[34.400s] INFO:colcon.colcon_core.shell:Creating prefix chain script '/home/rakan/MagangBayu24-PX4Simulation/install/setup.bash'
[34.542s] INFO:colcon.colcon_core.shell:Creating prefix script '/home/rakan/MagangBayu24-PX4Simulation/install/local_setup.zsh'
[34.544s] INFO:colcon.colcon_core.shell:Creating prefix chain script '/home/rakan/MagangBayu24-PX4Simulation/install/setup.zsh'
