[0.130s] Invoking command in '/home/rakan/MagangBayu24-PX4Simulation/build/tugas_drone': AMENT_PREFIX_PATH=/home/rakan/MagangBayu24-PX4Simulation/install/px4_msgs:${AMENT_PREFIX_PATH} CMAKE_PREFIX_PATH=/home/rakan/MagangBayu24-PX4Simulation/install/px4_msgs:/opt/ros/foxy LD_LIBRARY_PATH=/home/rakan/MagangBayu24-PX4Simulation/install/px4_msgs/lib:${LD_LIBRARY_PATH} PYTHONPATH=/home/rakan/MagangBayu24-PX4Simulation/install/px4_msgs/lib/python3.8/site-packages:${PYTHONPATH} /home/rakan/.local/bin/cmake --build /home/rakan/MagangBayu24-PX4Simulation/build/tugas_drone -- -j12 -l12
[0.172s] -- Found ament_cmake: 0.9.12 (/opt/ros/foxy/share/ament_cmake/cmake)
[0.176s] [33mCMake Warning (dev) at /opt/ros/foxy/share/ament_cmake_core/cmake/core/python.cmake:22 (find_package):
[0.176s]   Policy CMP0148 is not set: The FindPythonInterp and FindPythonLibs modules
[0.176s]   are removed.  Run "cmake --help-policy CMP0148" for policy details.  Use
[0.176s]   the cmake_policy command to set the policy and suppress this warning.
[0.176s] 
[0.176s] Call Stack (most recent call first):
[0.176s]   /opt/ros/foxy/share/ament_cmake_core/cmake/core/all.cmake:53 (include)
[0.176s]   /opt/ros/foxy/share/ament_cmake_core/cmake/ament_cmake_core-extras.cmake:17 (include)
[0.176s]   /opt/ros/foxy/share/ament_cmake_core/cmake/ament_cmake_coreConfig.cmake:41 (include)
[0.176s]   /opt/ros/foxy/share/ament_cmake/cmake/ament_cmake_export_dependencies-extras.cmake:15 (find_package)
[0.176s]   /opt/ros/foxy/share/ament_cmake/cmake/ament_cmakeConfig.cmake:41 (include)
[0.177s]   CMakeLists.txt:19 (find_package)
[0.177s] This warning is for project developers.  Use -Wno-dev to suppress it.
[0.177s] [0m
[0.196s] -- Using PYTHON_EXECUTABLE: /usr/bin/python3
[0.389s] -- Found builtin_interfaces: 1.0.0 (/opt/ros/foxy/share/builtin_interfaces/cmake)
[0.414s] -- Using all available rosidl_typesupport_c: rosidl_typesupport_fastrtps_c;rosidl_typesupport_introspection_c
[0.418s] -- Found rosidl_adapter: 1.3.1 (/opt/ros/foxy/share/rosidl_adapter/cmake)
[0.536s] -- Using all available rosidl_typesupport_cpp: rosidl_typesupport_fastrtps_cpp;rosidl_typesupport_introspection_cpp
[0.567s] -- Found eigen3_cmake_module: 0.1.1 (/opt/ros/foxy/share/eigen3_cmake_module/cmake)
[0.570s] -- Found geometry_msgs: 2.0.5 (/opt/ros/foxy/share/geometry_msgs/cmake)
[0.626s] -- Found px4_msgs: 2.0.1 (/home/rakan/MagangBayu24-PX4Simulation/install/px4_msgs/share/px4_msgs/cmake)
[0.641s] -- Found rclcpp: 2.4.3 (/opt/ros/foxy/share/rclcpp/cmake)
[0.687s] -- Found rmw_implementation_cmake: 1.0.4 (/opt/ros/foxy/share/rmw_implementation_cmake/cmake)
[0.689s] -- Using RMW implementation 'rmw_fastrtps_cpp' as default
[0.815s] -- Found sensor_msgs: 2.0.5 (/opt/ros/foxy/share/sensor_msgs/cmake)
[0.881s] -- Found ament_lint_auto: 0.9.8 (/opt/ros/foxy/share/ament_lint_auto/cmake)
[0.947s] -- Added test 'copyright' to check source files copyright and LICENSE
[0.949s] -- Added test 'cppcheck' to perform static code analysis on C / C++ code
[0.949s] -- Configured cppcheck include dirs: 
[0.949s] -- Configured cppcheck exclude dirs and/or files: 
[0.950s] -- Added test 'cpplint' to check C / C++ code against the Google style
[0.950s] -- Configured cpplint exclude dirs and/or files: 
[0.951s] -- Added test 'flake8' to check Python code syntax and style conventions
[0.951s] -- Added test 'lint_cmake' to check CMake code style
[0.952s] -- Added test 'pep257' to check Python code against some of the style conventions in PEP 257
[0.953s] -- Added test 'uncrustify' to check C / C++ code style
[0.953s] -- Configured uncrustify additional arguments: 
[0.954s] -- Added test 'xmllint' to check XML markup files
[0.955s] -- Configuring done (0.8s)
[0.973s] -- Generating done (0.0s)
[0.974s] -- Build files have been written to: /home/rakan/MagangBayu24-PX4Simulation/build/tugas_drone
[0.987s] [ 25%] [32mBuilding CXX object CMakeFiles/jalan_kotak.dir/src/kotak.cpp.o[0m
[1.000s] [ 75%] Built target jalan_lingkaran
[1.013s] [100%] [32m[1mLinking CXX executable jalan_kotak[0m
[1.085s] /usr/bin/ld: /usr/lib/gcc/x86_64-linux-gnu/9/../../../x86_64-linux-gnu/Scrt1.o: in function `_start':
[1.085s] (.text+0x24): undefined reference to `main'
[1.085s] collect2: error: ld returned 1 exit status
[1.086s] make[2]: *** [CMakeFiles/jalan_kotak.dir/build.make:149: jalan_kotak] Error 1
[1.086s] make[1]: *** [CMakeFiles/Makefile2:165: CMakeFiles/jalan_kotak.dir/all] Error 2
[1.086s] make: *** [Makefile:146: all] Error 2
[1.090s] Invoked command in '/home/rakan/MagangBayu24-PX4Simulation/build/tugas_drone' returned '2': AMENT_PREFIX_PATH=/home/rakan/MagangBayu24-PX4Simulation/install/px4_msgs:${AMENT_PREFIX_PATH} CMAKE_PREFIX_PATH=/home/rakan/MagangBayu24-PX4Simulation/install/px4_msgs:/opt/ros/foxy LD_LIBRARY_PATH=/home/rakan/MagangBayu24-PX4Simulation/install/px4_msgs/lib:${LD_LIBRARY_PATH} PYTHONPATH=/home/rakan/MagangBayu24-PX4Simulation/install/px4_msgs/lib/python3.8/site-packages:${PYTHONPATH} /home/rakan/.local/bin/cmake --build /home/rakan/MagangBayu24-PX4Simulation/build/tugas_drone -- -j12 -l12
