[2.101s] DEBUG:colcon:Command line arguments: ['/usr/bin/colcon', 'build', '--packages-select', 'tugas_drone']
[2.101s] DEBUG:colcon:Parsed command line arguments: Namespace(allow_overriding=[], ament_cmake_args=None, base_paths=['.'], build_base='build', catkin_cmake_args=None, catkin_skip_building_tests=False, cmake_args=None, cmake_clean_cache=False, cmake_clean_first=False, cmake_force_configure=False, cmake_target=None, cmake_target_skip_unavailable=False, continue_on_error=False, event_handlers=None, executor='parallel', ignore_user_meta=False, install_base='install', log_base=None, log_level=None, main=<bound method BuildVerb.main of <colcon_core.verb.build.BuildVerb object at 0x7fa8e113fbb0>>, merge_install=False, metas=['./colcon.meta'], packages_above=None, packages_above_and_dependencies=None, packages_above_depth=None, packages_end=None, packages_ignore=None, packages_ignore_regex=None, packages_select=['tugas_drone'], packages_select_build_failed=False, packages_select_by_dep=None, packages_select_regex=None, packages_select_test_failures=False, packages_skip=None, packages_skip_build_finished=False, packages_skip_by_dep=None, packages_skip_regex=None, packages_skip_test_passed=False, packages_skip_up_to=None, packages_start=None, packages_up_to=None, packages_up_to_regex=None, parallel_workers=12, paths=None, symlink_install=False, test_result_base=None, verb_extension=<colcon_core.verb.build.BuildVerb object at 0x7fa8e113fbb0>, verb_name='build', verb_parser=<colcon_defaults.argument_parser.defaults.DefaultArgumentsDecorator object at 0x7fa8e10a3310>)
[2.189s] Level 1:colcon.colcon_core.package_discovery:discover_packages(colcon_meta) check parameters
[2.189s] Level 1:colcon.colcon_core.package_discovery:discover_packages(recursive) check parameters
[2.189s] Level 1:colcon.colcon_core.package_discovery:discover_packages(ignore) check parameters
[2.189s] Level 1:colcon.colcon_core.package_discovery:discover_packages(path) check parameters
[2.189s] Level 1:colcon.colcon_core.package_discovery:discover_packages(colcon_meta) discover
[2.189s] Level 1:colcon.colcon_core.package_discovery:discover_packages(recursive) discover
[2.189s] INFO:colcon.colcon_core.package_discovery:Crawling recursively for packages in '/home/rakan/MagangBayu24-PX4Simulation'
[2.189s] Level 1:colcon.colcon_core.package_identification:_identify(.) by extensions ['ignore', 'ignore_ament_install']
[2.190s] Level 1:colcon.colcon_core.package_identification:_identify(.) by extension 'ignore'
[2.190s] Level 1:colcon.colcon_core.package_identification:_identify(.) by extension 'ignore_ament_install'
[2.190s] Level 1:colcon.colcon_core.package_identification:_identify(.) by extensions ['colcon_pkg']
[2.190s] Level 1:colcon.colcon_core.package_identification:_identify(.) by extension 'colcon_pkg'
[2.190s] Level 1:colcon.colcon_core.package_identification:_identify(.) by extensions ['colcon_meta']
[2.190s] Level 1:colcon.colcon_core.package_identification:_identify(.) by extension 'colcon_meta'
[2.190s] Level 1:colcon.colcon_core.package_identification:_identify(.) by extensions ['ros']
[2.190s] Level 1:colcon.colcon_core.package_identification:_identify(.) by extension 'ros'
[2.200s] Level 1:colcon.colcon_core.package_identification:_identify(.) by extensions ['cmake', 'python']
[2.200s] Level 1:colcon.colcon_core.package_identification:_identify(.) by extension 'cmake'
[2.200s] Level 1:colcon.colcon_core.package_identification:_identify(.) by extension 'python'
[2.200s] Level 1:colcon.colcon_core.package_identification:_identify(.) by extensions ['python_setup_py']
[2.200s] Level 1:colcon.colcon_core.package_identification:_identify(.) by extension 'python_setup_py'
[2.200s] Level 1:colcon.colcon_core.package_identification:_identify(build) by extensions ['ignore', 'ignore_ament_install']
[2.200s] Level 1:colcon.colcon_core.package_identification:_identify(build) by extension 'ignore'
[2.201s] Level 1:colcon.colcon_core.package_identification:_identify(build) ignored
[2.201s] Level 1:colcon.colcon_core.package_identification:_identify(install) by extensions ['ignore', 'ignore_ament_install']
[2.201s] Level 1:colcon.colcon_core.package_identification:_identify(install) by extension 'ignore'
[2.201s] Level 1:colcon.colcon_core.package_identification:_identify(install) ignored
[2.201s] Level 1:colcon.colcon_core.package_identification:_identify(log) by extensions ['ignore', 'ignore_ament_install']
[2.201s] Level 1:colcon.colcon_core.package_identification:_identify(log) by extension 'ignore'
[2.201s] Level 1:colcon.colcon_core.package_identification:_identify(log) ignored
[2.201s] Level 1:colcon.colcon_core.package_identification:_identify(px4_msgs) by extensions ['ignore', 'ignore_ament_install']
[2.201s] Level 1:colcon.colcon_core.package_identification:_identify(px4_msgs) by extension 'ignore'
[2.201s] Level 1:colcon.colcon_core.package_identification:_identify(px4_msgs) by extension 'ignore_ament_install'
[2.201s] Level 1:colcon.colcon_core.package_identification:_identify(px4_msgs) by extensions ['colcon_pkg']
[2.201s] Level 1:colcon.colcon_core.package_identification:_identify(px4_msgs) by extension 'colcon_pkg'
[2.201s] Level 1:colcon.colcon_core.package_identification:_identify(px4_msgs) by extensions ['colcon_meta']
[2.201s] Level 1:colcon.colcon_core.package_identification:_identify(px4_msgs) by extension 'colcon_meta'
[2.201s] Level 1:colcon.colcon_core.package_identification:_identify(px4_msgs) by extensions ['ros']
[2.201s] Level 1:colcon.colcon_core.package_identification:_identify(px4_msgs) by extension 'ros'
[2.204s] DEBUG:colcon.colcon_core.package_identification:Package 'px4_msgs' with type 'ros.ament_cmake' and name 'px4_msgs'
[2.204s] Level 1:colcon.colcon_core.package_identification:_identify(px4_ros_com) by extensions ['ignore', 'ignore_ament_install']
[2.204s] Level 1:colcon.colcon_core.package_identification:_identify(px4_ros_com) by extension 'ignore'
[2.204s] Level 1:colcon.colcon_core.package_identification:_identify(px4_ros_com) by extension 'ignore_ament_install'
[2.204s] Level 1:colcon.colcon_core.package_identification:_identify(px4_ros_com) by extensions ['colcon_pkg']
[2.204s] Level 1:colcon.colcon_core.package_identification:_identify(px4_ros_com) by extension 'colcon_pkg'
[2.204s] Level 1:colcon.colcon_core.package_identification:_identify(px4_ros_com) by extensions ['colcon_meta']
[2.204s] Level 1:colcon.colcon_core.package_identification:_identify(px4_ros_com) by extension 'colcon_meta'
[2.205s] Level 1:colcon.colcon_core.package_identification:_identify(px4_ros_com) by extensions ['ros']
[2.205s] Level 1:colcon.colcon_core.package_identification:_identify(px4_ros_com) by extension 'ros'
[2.206s] DEBUG:colcon.colcon_core.package_identification:Package 'px4_ros_com' with type 'ros.ament_cmake' and name 'px4_ros_com'
[2.206s] Level 1:colcon.colcon_core.package_identification:_identify(tugas_drone) by extensions ['ignore', 'ignore_ament_install']
[2.206s] Level 1:colcon.colcon_core.package_identification:_identify(tugas_drone) by extension 'ignore'
[2.206s] Level 1:colcon.colcon_core.package_identification:_identify(tugas_drone) by extension 'ignore_ament_install'
[2.206s] Level 1:colcon.colcon_core.package_identification:_identify(tugas_drone) by extensions ['colcon_pkg']
[2.206s] Level 1:colcon.colcon_core.package_identification:_identify(tugas_drone) by extension 'colcon_pkg'
[2.206s] Level 1:colcon.colcon_core.package_identification:_identify(tugas_drone) by extensions ['colcon_meta']
[2.206s] Level 1:colcon.colcon_core.package_identification:_identify(tugas_drone) by extension 'colcon_meta'
[2.206s] Level 1:colcon.colcon_core.package_identification:_identify(tugas_drone) by extensions ['ros']
[2.206s] Level 1:colcon.colcon_core.package_identification:_identify(tugas_drone) by extension 'ros'
[2.207s] DEBUG:colcon.colcon_core.package_identification:Package 'tugas_drone' with type 'ros.ament_cmake' and name 'tugas_drone'
[2.207s] Level 1:colcon.colcon_core.package_discovery:discover_packages(recursive) using defaults
[2.207s] Level 1:colcon.colcon_core.package_discovery:discover_packages(ignore) discover
[2.207s] Level 1:colcon.colcon_core.package_discovery:discover_packages(ignore) using defaults
[2.207s] Level 1:colcon.colcon_core.package_discovery:discover_packages(path) discover
[2.207s] Level 1:colcon.colcon_core.package_discovery:discover_packages(path) using defaults
[2.334s] INFO:colcon.colcon_core.package_selection:Skipping not selected package 'px4_msgs' in 'px4_msgs'
[2.334s] INFO:colcon.colcon_core.package_selection:Skipping not selected package 'px4_ros_com' in 'px4_ros_com'
[2.405s] Level 1:colcon.colcon_core.package_discovery:discover_packages(prefix_path) check parameters
[2.405s] Level 1:colcon.colcon_core.package_discovery:discover_packages(prefix_path) discover
[2.478s] DEBUG:colcon.colcon_installed_package_information.package_discovery:Found 2 installed packages in /home/rakan/MagangBayu24-PX4Simulation/install
[2.519s] DEBUG:colcon.colcon_installed_package_information.package_discovery:Found 256 installed packages in /opt/ros/foxy
[2.520s] Level 1:colcon.colcon_core.package_discovery:discover_packages(prefix_path) using defaults
[2.664s] Level 5:colcon.colcon_core.verb:set package 'tugas_drone' build argument 'cmake_args' from command line to 'None'
[2.664s] Level 5:colcon.colcon_core.verb:set package 'tugas_drone' build argument 'cmake_target' from command line to 'None'
[2.664s] Level 5:colcon.colcon_core.verb:set package 'tugas_drone' build argument 'cmake_target_skip_unavailable' from command line to 'False'
[2.664s] Level 5:colcon.colcon_core.verb:set package 'tugas_drone' build argument 'cmake_clean_cache' from command line to 'False'
[2.664s] Level 5:colcon.colcon_core.verb:set package 'tugas_drone' build argument 'cmake_clean_first' from command line to 'False'
[2.664s] Level 5:colcon.colcon_core.verb:set package 'tugas_drone' build argument 'cmake_force_configure' from command line to 'False'
[2.664s] Level 5:colcon.colcon_core.verb:set package 'tugas_drone' build argument 'ament_cmake_args' from command line to 'None'
[2.664s] Level 5:colcon.colcon_core.verb:set package 'tugas_drone' build argument 'catkin_cmake_args' from command line to 'None'
[2.664s] Level 5:colcon.colcon_core.verb:set package 'tugas_drone' build argument 'catkin_skip_building_tests' from command line to 'False'
[2.664s] DEBUG:colcon.colcon_core.verb:Building package 'tugas_drone' with the following arguments: {'ament_cmake_args': None, 'build_base': '/home/rakan/MagangBayu24-PX4Simulation/build/tugas_drone', 'catkin_cmake_args': None, 'catkin_skip_building_tests': False, 'cmake_args': None, 'cmake_clean_cache': False, 'cmake_clean_first': False, 'cmake_force_configure': False, 'cmake_target': None, 'cmake_target_skip_unavailable': False, 'install_base': '/home/rakan/MagangBayu24-PX4Simulation/install/tugas_drone', 'merge_install': False, 'path': '/home/rakan/MagangBayu24-PX4Simulation/tugas_drone', 'symlink_install': False, 'test_result_base': None}
[2.712s] INFO:colcon.colcon_core.executor:Executing jobs using 'parallel' executor
[2.747s] DEBUG:colcon.colcon_parallel_executor.executor.parallel:run_until_complete
[2.747s] INFO:colcon.colcon_ros.task.ament_cmake.build:Building ROS package in '/home/rakan/MagangBayu24-PX4Simulation/tugas_drone' with build type 'ament_cmake'
[2.747s] INFO:colcon.colcon_cmake.task.cmake.build:Building CMake package in '/home/rakan/MagangBayu24-PX4Simulation/tugas_drone'
[2.788s] INFO:colcon.colcon_core.plugin_system:Skipping extension 'colcon_core.shell.bat': Not used on non-Windows systems
[2.789s] INFO:colcon.colcon_core.shell:Skip shell extension 'powershell' for command environment: Not usable outside of PowerShell
[2.789s] DEBUG:colcon.colcon_core.shell:Skip shell extension 'dsv' for command environment
[2.916s] DEBUG:colcon.colcon_core.event_handler.log_command:Invoking command in '/home/rakan/MagangBayu24-PX4Simulation/build/tugas_drone': CMAKE_PREFIX_PATH=/home/rakan/MagangBayu24-PX4Simulation/install/px4_msgs:/home/rakan/MagangBayu24-PX4Simulation/install/tugas_drone:/opt/ros/foxy /home/rakan/.local/bin/cmake --build /home/rakan/MagangBayu24-PX4Simulation/build/tugas_drone -- -j12 -l12
[2.989s] DEBUG:colcon.colcon_core.event_handler.log_command:Invoked command in '/home/rakan/MagangBayu24-PX4Simulation/build/tugas_drone' returned '2': CMAKE_PREFIX_PATH=/home/rakan/MagangBayu24-PX4Simulation/install/px4_msgs:/home/rakan/MagangBayu24-PX4Simulation/install/tugas_drone:/opt/ros/foxy /home/rakan/.local/bin/cmake --build /home/rakan/MagangBayu24-PX4Simulation/build/tugas_drone -- -j12 -l12
[3.060s] Level 1:colcon.colcon_core.environment:create_environment_scripts_only(tugas_drone)
[3.098s] Level 1:colcon.colcon_core.environment:checking '/home/rakan/MagangBayu24-PX4Simulation/install/tugas_drone' for CMake module files
[3.098s] Level 1:colcon.colcon_core.environment:checking '/home/rakan/MagangBayu24-PX4Simulation/install/tugas_drone' for CMake config files
[3.099s] Level 1:colcon.colcon_core.shell:create_environment_hook('tugas_drone', 'cmake_prefix_path')
[3.134s] INFO:colcon.colcon_core.shell:Creating environment hook '/home/rakan/MagangBayu24-PX4Simulation/install/tugas_drone/share/tugas_drone/hook/cmake_prefix_path.ps1'
[3.135s] INFO:colcon.colcon_core.shell:Creating environment descriptor '/home/rakan/MagangBayu24-PX4Simulation/install/tugas_drone/share/tugas_drone/hook/cmake_prefix_path.dsv'
[3.135s] INFO:colcon.colcon_core.shell:Creating environment hook '/home/rakan/MagangBayu24-PX4Simulation/install/tugas_drone/share/tugas_drone/hook/cmake_prefix_path.sh'
[3.136s] Level 1:colcon.colcon_core.environment:checking '/home/rakan/MagangBayu24-PX4Simulation/install/tugas_drone/lib'
[3.136s] Level 1:colcon.colcon_core.environment:checking '/home/rakan/MagangBayu24-PX4Simulation/install/tugas_drone/bin'
[3.136s] Level 1:colcon.colcon_core.environment:checking '/home/rakan/MagangBayu24-PX4Simulation/install/tugas_drone/lib/pkgconfig/tugas_drone.pc'
[3.137s] Level 1:colcon.colcon_core.environment:checking '/home/rakan/MagangBayu24-PX4Simulation/install/tugas_drone/lib/python3.8/site-packages'
[3.137s] Level 1:colcon.colcon_core.environment:checking '/home/rakan/MagangBayu24-PX4Simulation/install/tugas_drone/bin'
[3.174s] INFO:colcon.colcon_core.shell:Creating package script '/home/rakan/MagangBayu24-PX4Simulation/install/tugas_drone/share/tugas_drone/package.ps1'
[3.174s] INFO:colcon.colcon_core.shell:Creating package descriptor '/home/rakan/MagangBayu24-PX4Simulation/install/tugas_drone/share/tugas_drone/package.dsv'
[3.175s] INFO:colcon.colcon_core.shell:Creating package script '/home/rakan/MagangBayu24-PX4Simulation/install/tugas_drone/share/tugas_drone/package.sh'
[3.175s] INFO:colcon.colcon_core.shell:Creating package script '/home/rakan/MagangBayu24-PX4Simulation/install/tugas_drone/share/tugas_drone/package.bash'
[3.176s] INFO:colcon.colcon_core.shell:Creating package script '/home/rakan/MagangBayu24-PX4Simulation/install/tugas_drone/share/tugas_drone/package.zsh'
[3.176s] Level 1:colcon.colcon_core.environment:create_file_with_runtime_dependencies(/home/rakan/MagangBayu24-PX4Simulation/install/tugas_drone/share/colcon-core/packages/tugas_drone)
[3.187s] DEBUG:colcon.colcon_parallel_executor.executor.parallel:closing loop
[3.187s] DEBUG:colcon.colcon_parallel_executor.executor.parallel:loop closed
[3.187s] DEBUG:colcon.colcon_parallel_executor.executor.parallel:run_until_complete finished with '2'
[3.187s] DEBUG:colcon.colcon_core.event_reactor:joining thread
[3.228s] INFO:colcon.colcon_core.plugin_system:Skipping extension 'colcon_notification.desktop_notification.terminal_notifier': Not used on non-Darwin systems
[3.228s] INFO:colcon.colcon_core.plugin_system:Skipping extension 'colcon_notification.desktop_notification.win32': Not used on non-Windows systems
[3.228s] INFO:colcon.colcon_notification.desktop_notification:Sending desktop notification using 'notify2'
[3.239s] DEBUG:colcon.colcon_core.event_reactor:joined thread
[3.281s] INFO:colcon.colcon_core.shell:Creating prefix script '/home/rakan/MagangBayu24-PX4Simulation/install/local_setup.ps1'
[3.282s] INFO:colcon.colcon_core.shell:Creating prefix util module '/home/rakan/MagangBayu24-PX4Simulation/install/_local_setup_util_ps1.py'
[3.283s] INFO:colcon.colcon_core.shell:Creating prefix chain script '/home/rakan/MagangBayu24-PX4Simulation/install/setup.ps1'
[3.320s] INFO:colcon.colcon_core.shell:Creating prefix script '/home/rakan/MagangBayu24-PX4Simulation/install/local_setup.sh'
[3.321s] INFO:colcon.colcon_core.shell:Creating prefix util module '/home/rakan/MagangBayu24-PX4Simulation/install/_local_setup_util_sh.py'
[3.321s] INFO:colcon.colcon_core.shell:Creating prefix chain script '/home/rakan/MagangBayu24-PX4Simulation/install/setup.sh'
[3.361s] INFO:colcon.colcon_core.shell:Creating prefix script '/home/rakan/MagangBayu24-PX4Simulation/install/local_setup.bash'
[3.362s] INFO:colcon.colcon_core.shell:Creating prefix chain script '/home/rakan/MagangBayu24-PX4Simulation/install/setup.bash'
[3.415s] INFO:colcon.colcon_core.shell:Creating prefix script '/home/rakan/MagangBayu24-PX4Simulation/install/local_setup.zsh'
[3.415s] INFO:colcon.colcon_core.shell:Creating prefix chain script '/home/rakan/MagangBayu24-PX4Simulation/install/setup.zsh'
