-- Found ament_cmake: 0.9.12 (/opt/ros/foxy/share/ament_cmake/cmake)
-- Using PYTHON_EXECUTABLE: /usr/bin/python3
-- Found builtin_interfaces: 1.0.0 (/opt/ros/foxy/share/builtin_interfaces/cmake)
-- Using all available rosidl_typesupport_c: rosidl_typesupport_fastrtps_c;rosidl_typesupport_introspection_c
-- Found rosidl_adapter: 1.3.1 (/opt/ros/foxy/share/rosidl_adapter/cmake)
-- Using all available rosidl_typesupport_cpp: rosidl_typesupport_fastrtps_cpp;rosidl_typesupport_introspection_cpp
-- Found eigen3_cmake_module: 0.1.1 (/opt/ros/foxy/share/eigen3_cmake_module/cmake)
-- Found geometry_msgs: 2.0.5 (/opt/ros/foxy/share/geometry_msgs/cmake)
-- Found px4_msgs: 2.0.1 (/home/rakan/MagangBayu24-PX4Simulation/install/px4_msgs/share/px4_msgs/cmake)
-- Found rclcpp: 2.4.3 (/opt/ros/foxy/share/rclcpp/cmake)
-- Found rmw_implementation_cmake: 1.0.4 (/opt/ros/foxy/share/rmw_implementation_cmake/cmake)
-- Using RMW implementation 'rmw_fastrtps_cpp' as default
-- Found sensor_msgs: 2.0.5 (/opt/ros/foxy/share/sensor_msgs/cmake)
-- Found ament_lint_auto: 0.9.8 (/opt/ros/foxy/share/ament_lint_auto/cmake)
-- Added test 'copyright' to check source files copyright and LICENSE
-- Added test 'cppcheck' to perform static code analysis on C / C++ code
-- Configured cppcheck include dirs: 
-- Configured cppcheck exclude dirs and/or files: 
-- Added test 'cpplint' to check C / C++ code against the Google style
-- Configured cpplint exclude dirs and/or files: 
-- Added test 'flake8' to check Python code syntax and style conventions
-- Added test 'lint_cmake' to check CMake code style
-- Added test 'pep257' to check Python code against some of the style conventions in PEP 257
-- Added test 'uncrustify' to check C / C++ code style
-- Configured uncrustify additional arguments: 
-- Added test 'xmllint' to check XML markup files
-- Configuring done (4.2s)
-- Generating done (0.1s)
-- Build files have been written to: /home/rakan/MagangBayu24-PX4Simulation/build/tugas_drone
[ 16%] [32mBuilding CXX object CMakeFiles/jalan_bintang.dir/src/bintang.cpp.o[0m
[ 83%] Built target jalan_lingkaran
[ 83%] Built target jalan_kotak
[100%] [32m[1mLinking CXX executable jalan_bintang[0m
[100%] Built target jalan_bintang
-- Install configuration: ""
-- Up-to-date: /home/rakan/MagangBayu24-PX4Simulation/install/tugas_drone/lib/tugas_drone/jalan_lingkaran
-- Up-to-date: /home/rakan/MagangBayu24-PX4Simulation/install/tugas_drone/lib/tugas_drone/jalan_kotak
-- Installing: /home/rakan/MagangBayu24-PX4Simulation/install/tugas_drone/lib/tugas_drone/jalan_bintang
-- Set non-toolchain portion of runtime path of "/home/rakan/MagangBayu24-PX4Simulation/install/tugas_drone/lib/tugas_drone/jalan_bintang" to ""
-- Up-to-date: /home/rakan/MagangBayu24-PX4Simulation/install/tugas_drone/share/ament_index/resource_index/package_run_dependencies/tugas_drone
-- Up-to-date: /home/rakan/MagangBayu24-PX4Simulation/install/tugas_drone/share/ament_index/resource_index/parent_prefix_path/tugas_drone
-- Up-to-date: /home/rakan/MagangBayu24-PX4Simulation/install/tugas_drone/share/tugas_drone/environment/ament_prefix_path.sh
-- Installing: /home/rakan/MagangBayu24-PX4Simulation/install/tugas_drone/share/tugas_drone/environment/ament_prefix_path.dsv
-- Up-to-date: /home/rakan/MagangBayu24-PX4Simulation/install/tugas_drone/share/tugas_drone/environment/path.sh
-- Installing: /home/rakan/MagangBayu24-PX4Simulation/install/tugas_drone/share/tugas_drone/environment/path.dsv
-- Up-to-date: /home/rakan/MagangBayu24-PX4Simulation/install/tugas_drone/share/tugas_drone/local_setup.bash
-- Up-to-date: /home/rakan/MagangBayu24-PX4Simulation/install/tugas_drone/share/tugas_drone/local_setup.sh
-- Up-to-date: /home/rakan/MagangBayu24-PX4Simulation/install/tugas_drone/share/tugas_drone/local_setup.zsh
-- Installing: /home/rakan/MagangBayu24-PX4Simulation/install/tugas_drone/share/tugas_drone/local_setup.dsv
-- Installing: /home/rakan/MagangBayu24-PX4Simulation/install/tugas_drone/share/tugas_drone/package.dsv
-- Up-to-date: /home/rakan/MagangBayu24-PX4Simulation/install/tugas_drone/share/ament_index/resource_index/packages/tugas_drone
-- Up-to-date: /home/rakan/MagangBayu24-PX4Simulation/install/tugas_drone/share/tugas_drone/cmake/tugas_droneConfig.cmake
-- Up-to-date: /home/rakan/MagangBayu24-PX4Simulation/install/tugas_drone/share/tugas_drone/cmake/tugas_droneConfig-version.cmake
-- Up-to-date: /home/rakan/MagangBayu24-PX4Simulation/install/tugas_drone/share/tugas_drone/package.xml
